[14:34:23][INFO]   Default Tool: (none) -> Programming 
[14:34:23][INFO]   Icon type: Standard Workbench format - Programming 
[14:34:23][INFO]   Default Tool: 'Workbench:Programs/Wordworth7/Wordworth' -> me.ww [MISSING] 
[14:34:23][INFO]   Icon type: Standard Workbench format - me.ww 
[14:34:24][INFO]   Default Tool: (none) -> Files from my old Amiga 
[14:34:24][INFO]   Icon type: Standard Workbench format - Files from my old Amiga 
[14:34:25][INFO]   Default Tool: (none) -> Neil_s-Songs 
[14:34:25][INFO]   Icon type: Standard Workbench format - Neil_s-Songs 
[14:34:25][INFO]   Default Tool: (none) -> Disks 
[14:34:25][INFO]   Icon type: Standard Workbench format - Disks 
[14:34:26][INFO]   Default Tool: (none) -> NeilMusic1 
[14:34:26][INFO]   Icon type: Standard Workbench format - NeilMusic1 
[14:34:27][INFO]   Default Tool: (none) -> SoundSamples 
[14:34:27][INFO]   Icon type: Standard Workbench format - SoundSamples 
[14:34:27][INFO]   Default Tool: (none) -> PsychoArchive 
[14:34:27][INFO]   Icon type: Standard Workbench format - PsychoArchive 
[14:34:27][INFO]   Default Tool: (none) -> AmosProgs 
[14:34:27][INFO]   Icon type: Standard Workbench format - AmosProgs 
[14:34:27][INFO]   Default Tool: (none) -> AmosProgs2 
[14:34:27][INFO]   Icon type: Standard Workbench format - AmosProgs2 
[14:34:27][INFO]   Default Tool: (none) -> Psycho Soccer Old Files2 
[14:34:27][INFO]   Icon type: Standard Workbench format - Psycho Soccer Old Files2 
[14:34:27][INFO]   Default Tool: (none) -> SillySoccerMasterDisk 
[14:34:27][INFO]   Icon type: Standard Workbench format - SillySoccerMasterDisk 
[14:34:27][INFO]   Default Tool: (none) -> PsychoSoccer Old Files 
[14:34:27][INFO]   Icon type: Standard Workbench format - PsychoSoccer Old Files 
[14:34:27][INFO]   Default Tool: (none) -> SillySoccerVersion 
[14:34:27][INFO]   Icon type: Standard Workbench format - SillySoccerVersion 
[14:34:27][INFO]   Default Tool: (none) -> SillySoccer15 
[14:34:27][INFO]   Icon type: Standard Workbench format - SillySoccer15 
[14:34:28][INFO]   Default Tool: (none) -> SillySocceCode 
[14:34:28][INFO]   Icon type: Standard Workbench format - SillySocceCode 
[14:34:28][INFO]   Default Tool: (none) -> Amos KanMan and others 
[14:34:28][INFO]   Icon type: Standard Workbench format - Amos KanMan and others 
[14:34:28][INFO]   Default Tool: 'SYS:Tools/TextEdit' -> desktop.ini [EXISTS] 
[14:34:28][INFO]   Icon type: Standard Workbench format - desktop.ini 
[14:34:30][INFO]   Default Tool: 'DeluxePaintIII:DPaint' -> Options.iff [MISSING] 
[14:34:30][INFO]   Icon type: Standard Workbench format - Options.iff 
[14:34:30][INFO]   Default Tool: (none) -> Silly Soccer 
[14:34:30][INFO]   Icon type: Standard Workbench format - Silly Soccer 
[14:34:31][INFO]   Default Tool: (none) -> ps-misc 
[14:34:31][INFO]   Icon type: Standard Workbench format - ps-misc 
[14:34:31][INFO]   Default Tool: (none) -> PsychoFiles 
[14:34:31][INFO]   Icon type: Standard Workbench format - PsychoFiles 
[14:34:32][INFO]   Default Tool: (none) -> PSCode 
[14:34:32][INFO]   Icon type: Standard Workbench format - PSCode 
[14:34:33][INFO]   Default Tool: (none) -> Silly Soccer 
[14:34:33][INFO]   Icon type: Standard Workbench format - Silly Soccer 
[14:34:33][INFO]   Default Tool: (none) -> Intro 
[14:34:33][INFO]   Icon type: Standard Workbench format - Intro 
[14:34:35][INFO]   Default Tool: (none) -> Pyscho Soccer 
[14:34:35][INFO]   Icon type: Standard Workbench format - Pyscho Soccer 
[14:34:36][INFO]   Default Tool: (none) -> Trashcan 
[14:34:36][INFO]   Icon type: Standard Workbench format - Trashcan 
[14:34:36][INFO]   Default Tool: (none) -> Intro 
[14:34:36][INFO]   Icon type: Standard Workbench format - Intro 
[14:34:36][INFO]   Default Tool: (none) -> Silly Soccer 
[14:34:36][INFO]   Icon type: Standard Workbench format - Silly Soccer 
[14:34:38][INFO]   Default Tool: 'OctaMEDPlayer' -> song2 [MISSING] 
[14:34:38][INFO]   Icon type: Standard Workbench format - song2 
[14:34:38][INFO]   Default Tool: 'OctaMEDPlayer' -> song5 [MISSING] 
[14:34:38][INFO]   Icon type: Standard Workbench format - song5 
[14:34:38][INFO]   Default Tool: 'OctaMEDPlayer' -> song1 [MISSING] 
[14:34:38][INFO]   Icon type: Standard Workbench format - song1 
[14:34:38][INFO]   Default Tool: (none) -> Trashcan 
[14:34:38][INFO]   Icon type: Standard Workbench format - Trashcan 
[14:34:40][INFO]   Default Tool: 'DeluxePaintIII:DPaint' -> info.iff [MISSING] 
[14:34:40][INFO]   Icon type: Standard Workbench format - info.iff 
[14:34:40][INFO]   Default Tool: 'DeluxePaintIII:DPaint' -> Save.iff [MISSING] 
[14:34:40][INFO]   Icon type: Standard Workbench format - Save.iff 
[14:34:40][INFO]   Default Tool: 'DeluxePaintIII:DPaint' -> BackGround.iff [MISSING] 
[14:34:40][INFO]   Icon type: Standard Workbench format - BackGround.iff 
[14:34:42][INFO]   Default Tool: ':AMOS1.3' -> Install.AMOS [MISSING] 
[14:34:42][INFO]   Icon type: Standard Workbench format - Install.AMOS 
[14:34:42][INFO]   Default Tool: 'DeluxePaintIII:DPaint' -> kansprites [MISSING] 
[14:34:42][INFO]   Icon type: Standard Workbench format - kansprites 
[14:34:42][INFO]   Default Tool: 'DeluxePaintIII:DPaint' -> faces1 [MISSING] 
[14:34:42][INFO]   Icon type: Standard Workbench format - faces1 
[14:34:42][INFO]   Default Tool: 'DeluxePaintIII:DPaint' -> eden [MISSING] 
[14:34:42][INFO]   Icon type: Standard Workbench format - eden 
[14:34:42][INFO]   Default Tool: 'DeluxePaintIII:DPaint' -> edenman [MISSING] 
[14:34:42][INFO]   Icon type: Standard Workbench format - edenman 
[14:34:42][INFO]   Default Tool: (none) -> Trashcan 
[14:34:42][INFO]   Icon type: Standard Workbench format - Trashcan 
[14:34:42][INFO]   Default Tool: (none) -> Pics 
[14:34:42][INFO]   Icon type: Standard Workbench format - Pics 
[14:34:44][INFO]   Default Tool: 'DeluxePaintIII:DPaint' -> Faces [MISSING] 
[14:34:44][INFO]   Icon type: Standard Workbench format - Faces 
[14:34:45][INFO]   Default Tool: 'DeluxePaintIII:DPaint' -> Main pic [MISSING] 
[14:34:45][INFO]   Icon type: Standard Workbench format - Main pic 
[14:34:46][INFO]   Default Tool: 'DeluxePaintIII:DPaint' -> Fixtures [MISSING] 
[14:34:46][INFO]   Icon type: Standard Workbench format - Fixtures 
[14:34:46][INFO]   Default Tool: 'DeluxePaintIII:DPaint' -> option [MISSING] 
[14:34:46][INFO]   Icon type: Standard Workbench format - option 
[14:34:46][INFO]   Default Tool: 'DeluxePaintIII:DPaint' -> space1 [MISSING] 
[14:34:46][INFO]   Icon type: Standard Workbench format - space1 
[14:34:46][INFO]   Default Tool: (none) -> Trashcan 
[14:34:46][INFO]   Icon type: Standard Workbench format - Trashcan 
[14:34:46][INFO]   Default Tool: 'DeluxePaintIII:DPaint' -> space2 [MISSING] 
[14:34:46][INFO]   Icon type: Standard Workbench format - space2 
[14:34:48][INFO]   Default Tool: 'DeluxePaintIII:DPaint' -> Lander.pics [MISSING] 
[14:34:48][INFO]   Icon type: Standard Workbench format - Lander.pics 
[14:34:48][INFO]   Default Tool: (none) -> S 
[14:34:48][INFO]   Icon type: Standard Workbench format - S 
[14:34:48][INFO]   Default Tool: 'DeluxePaintIII:DPaint' -> Bobs [MISSING] 
[14:34:48][INFO]   Icon type: Standard Workbench format - Bobs 
[14:34:48][INFO]   Default Tool: 'DeluxePaintIII:DPaint' -> Planet.iff [MISSING] 
[14:34:48][INFO]   Icon type: Standard Workbench format - Planet.iff 
[14:34:50][INFO]   Default Tool: 'OctaMEDPlayer' -> luke [MISSING] 
[14:34:50][INFO]   Icon type: Standard Workbench format - luke 
[14:34:50][INFO]   Default Tool: 'OctaMEDPlayer' -> kezpissed [MISSING] 
[14:34:50][INFO]   Icon type: Standard Workbench format - kezpissed 
[14:34:50][INFO]   Default Tool: 'OctaMEDPlayer' -> Psycho Song [MISSING] 
[14:34:50][INFO]   Icon type: Standard Workbench format - Psycho Song 
[14:34:50][INFO]   Default Tool: 'OctaMEDPlayer' -> Fast Love [MISSING] 
[14:34:50][INFO]   Icon type: Standard Workbench format - Fast Love 
[14:34:50][INFO]   Default Tool: 'OctaMEDPlayer' -> The Killer [MISSING] 
[14:34:50][INFO]   Icon type: Standard Workbench format - The Killer 
[14:34:50][INFO]   Default Tool: 'OctaMEDPlayer' -> Invisible Man [MISSING] 
[14:34:50][INFO]   Icon type: Standard Workbench format - Invisible Man 
[14:34:50][INFO]   Default Tool: 'OctaMEDPlayer' -> Like A Virgin [MISSING] 
[14:34:50][INFO]   Icon type: Standard Workbench format - Like A Virgin 
[14:34:50][INFO]   Default Tool: 'OctaMEDPlayer' -> The Knack [MISSING] 
[14:34:50][INFO]   Icon type: Standard Workbench format - The Knack 
[14:34:50][INFO]   Default Tool: 'OctaMEDPlayer' -> Dead of Night [MISSING] 
[14:34:50][INFO]   Icon type: Standard Workbench format - Dead of Night 
[14:34:50][INFO]   Default Tool: 'OctaMEDPlayer' -> Hunty [MISSING] 
[14:34:50][INFO]   Icon type: Standard Workbench format - Hunty 
[14:34:51][INFO]   Default Tool: 'OctaMEDPlayer' -> steve [MISSING] 
[14:34:51][INFO]   Icon type: Standard Workbench format - steve 
[14:34:51][INFO]   Default Tool: 'OctaMEDPlayer' -> Undercover [MISSING] 
[14:34:51][INFO]   Icon type: Standard Workbench format - Undercover 
[14:34:51][INFO]   Default Tool: 'OctaMEDPlayer' -> Steve still Digs [MISSING] 
[14:34:51][INFO]   Icon type: Standard Workbench format - Steve still Digs 
[14:34:51][INFO]   Default Tool: 'OctaMEDPlayer' -> The Happy Sailor [MISSING] 
[14:34:51][INFO]   Icon type: Standard Workbench format - The Happy Sailor 
[14:34:51][INFO]   Default Tool: 'OctaMEDPlayer' -> The Beach [MISSING] 
[14:34:51][INFO]   Icon type: Standard Workbench format - The Beach 
[14:34:51][INFO]   Default Tool: 'OctaMEDPlayer' -> The Ghost [MISSING] 
[14:34:51][INFO]   Icon type: Standard Workbench format - The Ghost 
[14:34:51][INFO]   Default Tool: 'OctaMEDPlayer' -> Racing Ron [MISSING] 
[14:34:51][INFO]   Icon type: Standard Workbench format - Racing Ron 
[14:34:51][INFO]   Default Tool: 'OctaMEDPlayer' -> The Serious Musician [MISSING] 
[14:34:51][INFO]   Icon type: Standard Workbench format - The Serious Musician 
[14:34:51][INFO]   Default Tool: 'OctaMEDPlayer' -> Emmets Park [MISSING] 
[14:34:51][INFO]   Icon type: Standard Workbench format - Emmets Park 
[14:34:52][INFO]   Default Tool: 'OctaMEDPlayer' -> War In The Sky [MISSING] 
[14:34:52][INFO]   Icon type: Standard Workbench format - War In The Sky 
[14:34:52][INFO]   Default Tool: 'OctaMEDPlayer' -> Rodeo [MISSING] 
[14:34:52][INFO]   Icon type: Standard Workbench format - Rodeo 
[14:34:52][INFO]   Default Tool: 'OctaMEDPlayer' -> 500 miles [MISSING] 
[14:34:52][INFO]   Icon type: Standard Workbench format - 500 miles 
[14:34:52][INFO]   Default Tool: 'OctaMEDPlayer' -> Man on a Mission [MISSING] 
[14:34:52][INFO]   Icon type: Standard Workbench format - Man on a Mission 
[14:34:52][INFO]   Default Tool: 'OctaMEDPlayer' -> Light Seeker [MISSING] 
[14:34:52][INFO]   Icon type: Standard Workbench format - Light Seeker 
[14:34:52][INFO]   Default Tool: 'OctaMEDPlayer' -> Another [MISSING] 
[14:34:52][INFO]   Icon type: Standard Workbench format - Another 
[14:34:52][INFO]   Default Tool: 'OctaMEDPlayer' -> Wonder Pete [MISSING] 
[14:34:52][INFO]   Icon type: Standard Workbench format - Wonder Pete 
[14:34:52][INFO]   Default Tool: 'OctaMEDPlayer' -> Tricky [MISSING] 
[14:34:52][INFO]   Icon type: Standard Workbench format - Tricky 
[14:34:52][INFO]   Default Tool: 'OctaMEDPlayer' -> Tidge [MISSING] 
[14:34:52][INFO]   Icon type: Standard Workbench format - Tidge 
[14:34:52][INFO]   Default Tool: 'OctaMEDPlayer' -> Eastenders [MISSING] 
[14:34:52][INFO]   Icon type: Standard Workbench format - Eastenders 
[14:34:53][INFO]   Default Tool: 'OctaMEDPlayer' -> The End [MISSING] 
[14:34:53][INFO]   Icon type: Standard Workbench format - The End 
[14:34:53][INFO]   Default Tool: 'OctaMEDPlayer' -> The Magic Soldier [MISSING] 
[14:34:53][INFO]   Icon type: Standard Workbench format - The Magic Soldier 
[14:34:53][INFO]   Default Tool: 'OctaMEDPlayer' -> The Stupid Man [MISSING] 
[14:34:53][INFO]   Icon type: Standard Workbench format - The Stupid Man 
[14:34:53][INFO]   Default Tool: 'OctaMEDPlayer' -> Kiss the Drunken Robot [MISSING] 
[14:34:53][INFO]   Icon type: Standard Workbench format - Kiss the Drunken Robot 
[14:34:53][INFO]   Default Tool: 'OctaMEDPlayer' -> No Women No Hassle [MISSING] 
[14:34:53][INFO]   Icon type: Standard Workbench format - No Women No Hassle 
[14:34:53][INFO]   Default Tool: 'OctaMEDPlayer' -> Revenge of the Dead [MISSING] 
[14:34:53][INFO]   Icon type: Standard Workbench format - Revenge of the Dead 
[14:34:53][INFO]   Default Tool: 'OctaMEDPlayer' -> Memory Loss [MISSING] 
[14:34:53][INFO]   Icon type: Standard Workbench format - Memory Loss 
[14:34:53][INFO]   Default Tool: 'OctaMEDPlayer' -> Ballad of Hunty [MISSING] 
[14:34:53][INFO]   Icon type: Standard Workbench format - Ballad of Hunty 
[14:34:53][INFO]   Default Tool: 'OctaMEDPlayer' -> Don_t You Want Me_ [MISSING] 
[14:34:53][INFO]   Icon type: Standard Workbench format - Don_t You Want Me_ 
[14:34:53][INFO]   Default Tool: 'OctaMEDPlayer' -> Alien in China [MISSING] 
[14:34:53][INFO]   Icon type: Standard Workbench format - Alien in China 
[14:34:54][INFO]   Default Tool: 'OctaMEDPlayer' -> The Lucky Break [MISSING] 
[14:34:54][INFO]   Icon type: Standard Workbench format - The Lucky Break 
[14:34:54][INFO]   Default Tool: 'OctaMEDPlayer' -> Beethunten [MISSING] 
[14:34:54][INFO]   Icon type: Standard Workbench format - Beethunten 
[14:34:54][INFO]   Default Tool: 'OctaMEDPlayer' -> Thriller [MISSING] 
[14:34:54][INFO]   Icon type: Standard Workbench format - Thriller 
[14:34:54][INFO]   Default Tool: 'OctaMEDPlayer' -> Incredible Dream [MISSING] 
[14:34:54][INFO]   Icon type: Standard Workbench format - Incredible Dream 
[14:34:54][INFO]   Default Tool: 'OctaMEDPlayer' -> Artful Hunty [MISSING] 
[14:34:54][INFO]   Icon type: Standard Workbench format - Artful Hunty 
[14:34:54][INFO]   Default Tool: 'OctaMEDPlayer' -> Mysterious Vision [MISSING] 
[14:34:54][INFO]   Icon type: Standard Workbench format - Mysterious Vision 
[14:34:54][INFO]   Default Tool: 'OctaMEDPlayer' -> Sexual Desire [MISSING] 
[14:34:54][INFO]   Icon type: Standard Workbench format - Sexual Desire 
[14:34:54][INFO]   Default Tool: 'OctaMEDPlayer' -> Mr Jolly [MISSING] 
[14:34:54][INFO]   Icon type: Standard Workbench format - Mr Jolly 
[14:34:54][INFO]   Default Tool: 'OctaMEDPlayer' -> bedding [MISSING] 
[14:34:54][INFO]   Icon type: Standard Workbench format - bedding 
[14:34:54][INFO]   Default Tool: 'OctaMEDPlayer' -> Wong and his Wife [MISSING] 
[14:34:54][INFO]   Icon type: Standard Workbench format - Wong and his Wife 
[14:34:55][INFO]   Default Tool: 'OctaMEDPlayer' -> Day Tripper [MISSING] 
[14:34:55][INFO]   Icon type: Standard Workbench format - Day Tripper 
[14:34:55][INFO]   Default Tool: 'OctaMEDPlayer' -> The Warning [MISSING] 
[14:34:55][INFO]   Icon type: Standard Workbench format - The Warning 
[14:34:55][INFO]   Default Tool: 'OctaMEDPlayer' -> The Great Race [MISSING] 
[14:34:55][INFO]   Icon type: Standard Workbench format - The Great Race 
[14:34:55][INFO]   Default Tool: 'OctaMEDPlayer' -> The Binfield Tune [MISSING] 
[14:34:55][INFO]   Icon type: Standard Workbench format - The Binfield Tune 
[14:34:55][INFO]   Default Tool: 'OctaMEDPlayer' -> The Robbery [MISSING] 
[14:34:55][INFO]   Icon type: Standard Workbench format - The Robbery 
[14:34:55][INFO]   Default Tool: 'OctaMEDPlayer' -> The Raver [MISSING] 
[14:34:55][INFO]   Icon type: Standard Workbench format - The Raver 
[14:34:55][INFO]   Default Tool: 'OctaMEDPlayer' -> The Journey [MISSING] 
[14:34:55][INFO]   Icon type: Standard Workbench format - The Journey 
[14:34:55][INFO]   Default Tool: 'OctaMEDPlayer' -> Expulsion [MISSING] 
[14:34:55][INFO]   Icon type: Standard Workbench format - Expulsion 
[14:34:55][INFO]   Default Tool: 'OctaMEDPlayer' -> Drunk worm and tequilla [MISSING] 
[14:34:55][INFO]   Icon type: Standard Workbench format - Drunk worm and tequilla 
[14:34:56][INFO]   Default Tool: 'OctaMEDPlayer' -> Eternity [MISSING] 
[14:34:56][INFO]   Icon type: Standard Workbench format - Eternity 
[14:34:56][INFO]   Default Tool: 'OctaMEDPlayer' -> Wonderwall [MISSING] 
[14:34:56][INFO]   Icon type: Standard Workbench format - Wonderwall 
[14:34:56][INFO]   Default Tool: 'OctaMEDPlayer' -> New Song [MISSING] 
[14:34:56][INFO]   Icon type: Standard Workbench format - New Song 
[14:34:56][INFO]   Default Tool: 'OctaMEDPlayer' -> TheEndST [MISSING] 
[14:34:56][INFO]   Icon type: Standard Workbench format - TheEndST 
[14:34:56][INFO]   Default Tool: 'OctaMEDPlayer' -> Escape to Success [MISSING] 
[14:34:56][INFO]   Icon type: Standard Workbench format - Escape to Success 
[14:34:56][INFO]   Default Tool: 'OctaMEDPlayer' -> Magaluf [MISSING] 
[14:34:56][INFO]   Icon type: Standard Workbench format - Magaluf 
[14:34:56][INFO]   Default Tool: 'OctaMEDPlayer' -> Life of a China man [MISSING] 
[14:34:56][INFO]   Icon type: Standard Workbench format - Life of a China man 
[14:34:56][INFO]   Default Tool: 'OctaMEDPlayer' -> Twenty Two [MISSING] 
[14:34:56][INFO]   Icon type: Standard Workbench format - Twenty Two 
[14:34:56][INFO]   Default Tool: 'OctaMEDPlayer' -> Silly Soccer [MISSING] 
[14:34:56][INFO]   Icon type: Standard Workbench format - Silly Soccer 
[14:34:56][INFO]   Default Tool: 'OctaMEDPlayer' -> The Fast Lane [MISSING] 
[14:34:56][INFO]   Icon type: Standard Workbench format - The Fast Lane 
[14:34:57][INFO]   Default Tool: 'OctaMEDPlayer' -> MC PETE [MISSING] 
[14:34:57][INFO]   Icon type: Standard Workbench format - MC PETE 
[14:34:57][INFO]   Default Tool: 'OctaMEDPlayer' -> Wannabe [MISSING] 
[14:34:57][INFO]   Icon type: Standard Workbench format - Wannabe 
[14:34:57][INFO]   Default Tool: 'OctaMEDPlayer' -> Keep on Dancing [MISSING] 
[14:34:57][INFO]   Icon type: Standard Workbench format - Keep on Dancing 
[14:34:57][INFO]   Default Tool: 'OctaMEDPlayer' -> Imagine [MISSING] 
[14:34:57][INFO]   Icon type: Standard Workbench format - Imagine 
[14:34:57][INFO]   Default Tool: 'OctaMEDPlayer' -> Goals [MISSING] 
[14:34:57][INFO]   Icon type: Standard Workbench format - Goals 
[14:34:57][INFO]   Default Tool: 'OctaMEDPlayer' -> Mad For It [MISSING] 
[14:34:57][INFO]   Icon type: Standard Workbench format - Mad For It 
[14:34:57][INFO]   Default Tool: 'OctaMEDPlayer' -> Magical World [MISSING] 
[14:34:57][INFO]   Icon type: Standard Workbench format - Magical World 
[14:34:57][INFO]   Default Tool: 'OctaMEDPlayer' -> Go To Sleep [MISSING] 
[14:34:57][INFO]   Icon type: Standard Workbench format - Go To Sleep 
[14:34:57][INFO]   Default Tool: 'OctaMEDPlayer' -> Motorway Madness [MISSING] 
[14:34:57][INFO]   Icon type: Standard Workbench format - Motorway Madness 
[14:34:57][INFO]   Default Tool: 'OctaMEDPlayer' -> Randall [MISSING] 
[14:34:57][INFO]   Icon type: Standard Workbench format - Randall 
[14:34:58][INFO]   Default Tool: 'OctaMEDPlayer' -> Mr Wong [MISSING] 
[14:34:58][INFO]   Icon type: Standard Workbench format - Mr Wong 
[14:34:58][INFO]   Default Tool: 'OctaMEDPlayer' -> Mad Dog Micky [MISSING] 
[14:34:58][INFO]   Icon type: Standard Workbench format - Mad Dog Micky 
[14:34:58][INFO]   Default Tool: 'OctaMEDPlayer' -> Mr Ken [MISSING] 
[14:34:58][INFO]   Icon type: Standard Workbench format - Mr Ken 
[14:34:58][INFO]   Default Tool: 'OctaMEDPlayer' -> Football [MISSING] 
[14:34:58][INFO]   Icon type: Standard Workbench format - Football 
[14:35:04][INFO]   Default Tool: (none) -> Test c 
[14:35:04][INFO]   Icon type: Standard Workbench format - Test c 
[14:35:06][INFO]   Default Tool: 'sc:c/smake' -> Build [EXISTS] 
[14:35:06][INFO]   Icon type: Standard Workbench format - Build 
[14:35:06][INFO]   Default Tool: (none) -> Debug 
[14:35:06][INFO]   Icon type: Standard Workbench format - Debug 
[14:35:06][INFO]   Default Tool: 'sc:c/se' -> Edit [EXISTS] 
[14:35:06][INFO]   Icon type: Standard Workbench format - Edit 
[14:35:06][INFO]   Default Tool: 'sc:c/smfind' -> Find [EXISTS] 
[14:35:06][INFO]   Icon type: Standard Workbench format - Find 
[14:35:06][INFO]   Default Tool: 'sc:c/scopts' -> SCoptions [EXISTS] 
[14:35:06][INFO]   Icon type: Standard Workbench format - SCoptions 
[14:35:06][INFO]   Default Tool: 'sc:c/se' -> hello.c [EXISTS] 
[14:35:06][INFO]   Icon type: Standard Workbench format - hello.c 
[14:35:06][INFO]   Default Tool: 'JUNK' -> hello [MISSING] 
[14:35:06][INFO]   Icon type: Standard Workbench format - hello 
