[12:47:02][INFO] === System Information (Stress Test) ===
[12:47:03][INFO] CPU: MC68000
[12:47:04][INFO] Chip RAM: 1581 KB free (1619112 bytes total, 1618600 bytes largest block)
[12:47:04][INFO] Fast RAM: None detected
[12:47:04][INFO] ========================================
[12:47:06][INFO] iTidy_FormatListViewColumns: num_columns=5, width=85, mode=0, page_size=0, current_page=1 
[12:47:08][INFO] [PERF] ListView sort (col 0, DATE, DESC): 316.322 ms 
[12:47:10][INFO]        Entries: 50 
[12:47:10][INFO]        Time per entry: 6326 microseconds 
[12:47:10][INFO] [PERF] Column width calculation: 30.381 ms 
[12:47:10][INFO]        Entries: 50, Columns: 5 
[12:47:10][INFO]        Time per entry: 607 microseconds 
[12:47:10][DEBUG] [FORMAT] Column widths calculated (columns=5) 
[12:47:10][DEBUG] [FORMAT] Row buffer=95 chars, cell buffer=256 chars 
[12:47:10][DEBUG] [FORMAT] Building header (simple=NO) 
[12:47:11][INFO] ==== LISTVIEW FORMAT PERFORMANCE ==== 
[12:47:12][INFO] iTidy_FormatListViewColumns() total time: 4257.612 ms 
[12:47:12][INFO]   Entries: 50, Columns: 5, Rows created: 50 
[12:47:12][INFO]   Breakdown: 
[12:47:12][INFO]     Initial sort:    3488.185 ms (81%) 
[12:47:13][INFO]     Width calc:      361.157 ms (8%) 
[12:47:13][INFO]     Entry format:    407.979 ms (9%) 
[12:47:13][INFO]   Time per entry: 85152 microseconds 
[12:47:13][INFO] ==================================== 
[12:47:20][INFO] iTidy_FormatListViewColumns: num_columns=5, width=85, mode=0, page_size=0, current_page=1 
[12:47:21][INFO] [PERF] Column width calculation: 36.608 ms 
[12:47:21][INFO]        Entries: 100, Columns: 5 
[12:47:21][INFO]        Time per entry: 366 microseconds 
[12:47:21][DEBUG] [FORMAT] Column widths calculated (columns=5) 
[12:47:21][DEBUG] [FORMAT] Row buffer=95 chars, cell buffer=256 chars 
[12:47:21][DEBUG] [FORMAT] Building header (simple=NO) 
[12:47:22][INFO] ==== LISTVIEW FORMAT PERFORMANCE ==== 
[12:47:24][INFO] iTidy_FormatListViewColumns() total time: 2631.212 ms 
[12:47:24][INFO]   Entries: 100, Columns: 5, Rows created: 100 
[12:47:24][INFO]   Breakdown: 
[12:47:24][INFO]     Initial sort:    1208.383 ms (45%) 
[12:47:24][INFO]     Width calc:      311.046 ms (11%) 
[12:47:24][INFO]     Entry format:    1111.493 ms (42%) 
[12:47:24][INFO]   Time per entry: 26312 microseconds 
[12:47:24][INFO] ==================================== 
[12:47:26][INFO] iTidy_FormatListViewColumns: num_columns=5, width=85, mode=0, page_size=0, current_page=1 
[12:47:28][INFO] [PERF] Column width calculation: 36.768 ms 
[12:47:28][INFO]        Entries: 100, Columns: 5 
[12:47:28][INFO]        Time per entry: 367 microseconds 
[12:47:28][DEBUG] [FORMAT] Column widths calculated (columns=5) 
[12:47:28][DEBUG] [FORMAT] Row buffer=95 chars, cell buffer=256 chars 
[12:47:28][DEBUG] [FORMAT] Building header (simple=NO) 
[12:47:29][INFO] ==== LISTVIEW FORMAT PERFORMANCE ==== 
[12:47:29][INFO] iTidy_FormatListViewColumns() total time: 2974.647 ms 
[12:47:29][INFO]   Entries: 100, Columns: 5, Rows created: 100 
[12:47:29][INFO]   Breakdown: 
[12:47:29][INFO]     Initial sort:    1731.908 ms (58%) 
[12:47:29][INFO]     Width calc:      308.343 ms (10%) 
[12:47:30][INFO]     Entry format:    934.104 ms (31%) 
[12:47:30][INFO]   Time per entry: 29746 microseconds 
[12:47:30][INFO] ==================================== 
[12:47:34][INFO] iTidy_FormatListViewColumns: num_columns=5, width=85, mode=0, page_size=0, current_page=1 
[12:47:36][INFO] [PERF] Column width calculation: 52.034 ms 
[12:47:36][INFO]        Entries: 150, Columns: 5 
[12:47:36][INFO]        Time per entry: 346 microseconds 
[12:47:36][DEBUG] [FORMAT] Column widths calculated (columns=5) 
[12:47:36][DEBUG] [FORMAT] Row buffer=95 chars, cell buffer=256 chars 
[12:47:36][DEBUG] [FORMAT] Building header (simple=NO) 
[12:47:38][INFO] ==== LISTVIEW FORMAT PERFORMANCE ==== 
[12:47:39][INFO] iTidy_FormatListViewColumns() total time: 3500.286 ms 
[12:47:41][INFO]   Entries: 150, Columns: 5, Rows created: 150 
[12:47:41][INFO]   Breakdown: 
[12:47:41][INFO]     Initial sort:    1213.363 ms (34%) 
[12:47:41][INFO]     Width calc:      336.771 ms (9%) 
[12:47:41][INFO]     Entry format:    1949.862 ms (55%) 
[12:47:41][INFO]   Time per entry: 23335 microseconds 
[12:47:41][INFO] ==================================== 
[12:47:45][INFO] iTidy_FormatListViewColumns: num_columns=5, width=85, mode=0, page_size=0, current_page=1 
[12:47:47][INFO] [PERF] Column width calculation: 48.450 ms 
[12:47:48][INFO]        Entries: 150, Columns: 5 
[12:47:49][INFO]        Time per entry: 323 microseconds 
[12:47:50][DEBUG] [FORMAT] Column widths calculated (columns=5) 
[12:47:51][DEBUG] [FORMAT] Row buffer=95 chars, cell buffer=256 chars 
[12:47:52][DEBUG] [FORMAT] Building header (simple=NO) 
[12:47:55][INFO] ==== LISTVIEW FORMAT PERFORMANCE ==== 
[12:47:56][INFO] iTidy_FormatListViewColumns() total time: 9975.854 ms 
[12:47:58][INFO]   Entries: 150, Columns: 5, Rows created: 150 
[12:47:59][INFO]   Breakdown: 
[12:48:00][INFO]     Initial sort:    2610.493 ms (26%) 
[12:48:01][INFO]     Width calc:      3746.064 ms (37%) 
[12:48:03][INFO]     Entry format:    3619.008 ms (36%) 
[12:48:04][INFO]   Time per entry: 66505 microseconds 
[12:48:05][INFO] ==================================== 
[12:48:12][INFO] iTidy_FormatListViewColumns: num_columns=5, width=85, mode=0, page_size=0, current_page=1 
[12:48:15][INFO] [PERF] Column width calculation: 67.675 ms 
[12:48:16][INFO]        Entries: 200, Columns: 5 
[12:48:17][INFO]        Time per entry: 338 microseconds 
[12:48:18][DEBUG] [FORMAT] Column widths calculated (columns=5) 
[12:48:19][DEBUG] [FORMAT] Row buffer=95 chars, cell buffer=256 chars 
[12:48:20][DEBUG] [FORMAT] Building header (simple=NO) 
[12:48:23][INFO] ==== LISTVIEW FORMAT PERFORMANCE ==== 
[12:48:25][INFO] iTidy_FormatListViewColumns() total time: 11200.621 ms 
[12:48:27][INFO]   Entries: 200, Columns: 5, Rows created: 200 
[12:48:28][INFO]   Breakdown: 
[12:48:29][INFO]     Initial sort:    2228.562 ms (19%) 
[12:48:30][INFO]     Width calc:      4160.758 ms (37%) 
[12:48:31][INFO]     Entry format:    4811.010 ms (42%) 
[12:48:32][INFO]   Time per entry: 56003 microseconds 
[12:48:33][INFO] ==================================== 
[12:48:38][INFO] iTidy_FormatListViewColumns: num_columns=5, width=85, mode=0, page_size=0, current_page=1 
[12:48:42][INFO] [PERF] Column width calculation: 68.293 ms 
[12:48:43][INFO]        Entries: 200, Columns: 5 
[12:48:44][INFO]        Time per entry: 341 microseconds 
[12:48:45][DEBUG] [FORMAT] Column widths calculated (columns=5) 
[12:48:46][DEBUG] [FORMAT] Row buffer=95 chars, cell buffer=256 chars 
[12:48:47][DEBUG] [FORMAT] Building header (simple=NO) 
[12:48:51][INFO] ==== LISTVIEW FORMAT PERFORMANCE ==== 
[12:48:52][INFO] iTidy_FormatListViewColumns() total time: 12595.286 ms 
[12:48:54][INFO]   Entries: 200, Columns: 5, Rows created: 200 
[12:48:55][INFO]   Breakdown: 
[12:48:56][INFO]     Initial sort:    3468.874 ms (27%) 
[12:48:57][INFO]     Width calc:      4760.016 ms (37%) 
[12:48:58][INFO]     Entry format:    4366.109 ms (34%) 
[12:48:59][INFO]   Time per entry: 62976 microseconds 
[12:49:00][INFO] ==================================== 
[12:49:09][INFO] iTidy_FormatListViewColumns: num_columns=5, width=85, mode=0, page_size=0, current_page=1 
[12:49:11][INFO] [PERF] Column width calculation: 82.616 ms 
[12:49:12][INFO]        Entries: 250, Columns: 5 
[12:49:13][INFO]        Time per entry: 330 microseconds 
[12:49:14][DEBUG] [FORMAT] Column widths calculated (columns=5) 
[12:49:15][DEBUG] [FORMAT] Row buffer=95 chars, cell buffer=256 chars 
[12:49:16][DEBUG] [FORMAT] Building header (simple=NO) 
[12:49:21][INFO] ==== LISTVIEW FORMAT PERFORMANCE ==== 
[12:49:22][INFO] iTidy_FormatListViewColumns() total time: 12303.712 ms 
[12:49:24][INFO]   Entries: 250, Columns: 5, Rows created: 250 
[12:49:25][INFO]   Breakdown: 
[12:49:26][INFO]     Initial sort:    2227.262 ms (18%) 
[12:49:27][INFO]     Width calc:      4154.408 ms (33%) 
[12:49:28][INFO]     Entry format:    5921.750 ms (48%) 
[12:49:30][INFO]   Time per entry: 49214 microseconds 
[12:49:31][INFO] ==================================== 
[12:49:38][INFO] iTidy_FormatListViewColumns: num_columns=5, width=85, mode=0, page_size=0, current_page=1 
[12:49:42][INFO] [PERF] Column width calculation: 82.585 ms 
[12:49:43][INFO]        Entries: 250, Columns: 5 
[12:49:44][INFO]        Time per entry: 330 microseconds 
[12:49:45][DEBUG] [FORMAT] Column widths calculated (columns=5) 
[12:49:46][DEBUG] [FORMAT] Row buffer=95 chars, cell buffer=256 chars 
[12:49:47][DEBUG] [FORMAT] Building header (simple=NO) 
[12:49:51][INFO] ==== LISTVIEW FORMAT PERFORMANCE ==== 
[12:49:52][INFO] iTidy_FormatListViewColumns() total time: 13673.641 ms 
[12:49:54][INFO]   Entries: 250, Columns: 5, Rows created: 250 
[12:49:56][INFO]   Breakdown: 
[12:49:57][INFO]     Initial sort:    3936.568 ms (28%) 
[12:49:58][INFO]     Width calc:      4425.309 ms (32%) 
[12:49:59][INFO]     Entry format:    5311.473 ms (38%) 
[12:50:00][INFO]   Time per entry: 54694 microseconds 
[12:50:01][INFO] ==================================== 
[12:50:11][INFO] iTidy_FormatListViewColumns: num_columns=5, width=85, mode=0, page_size=0, current_page=1 
[12:50:13][INFO] [PERF] Column width calculation: 98.152 ms 
[12:50:14][INFO]        Entries: 300, Columns: 5 
[12:50:15][INFO]        Time per entry: 327 microseconds 
[12:50:16][DEBUG] [FORMAT] Column widths calculated (columns=5) 
[12:50:17][DEBUG] [FORMAT] Row buffer=95 chars, cell buffer=256 chars 
[12:50:18][DEBUG] [FORMAT] Building header (simple=NO) 
[12:50:24][INFO] ==== LISTVIEW FORMAT PERFORMANCE ==== 
[12:50:25][INFO] iTidy_FormatListViewColumns() total time: 13202.673 ms 
[12:50:27][INFO]   Entries: 300, Columns: 5, Rows created: 300 
[12:50:29][INFO]   Breakdown: 
[12:50:30][INFO]     Initial sort:    2204.728 ms (16%) 
[12:50:31][INFO]     Width calc:      4158.655 ms (31%) 
[12:50:32][INFO]     Entry format:    6838.999 ms (51%) 
[12:50:33][INFO]   Time per entry: 44008 microseconds 
[12:50:34][INFO] ==================================== 
[12:50:42][INFO] iTidy_FormatListViewColumns: num_columns=5, width=85, mode=0, page_size=0, current_page=1 
[12:50:46][INFO] [PERF] Column width calculation: 98.075 ms 
[12:50:48][INFO]        Entries: 300, Columns: 5 
[12:50:49][INFO]        Time per entry: 326 microseconds 
[12:50:50][DEBUG] [FORMAT] Column widths calculated (columns=5) 
[12:50:51][DEBUG] [FORMAT] Row buffer=95 chars, cell buffer=256 chars 
[12:50:52][DEBUG] [FORMAT] Building header (simple=NO) 
[12:50:57][INFO] ==== LISTVIEW FORMAT PERFORMANCE ==== 
[12:50:58][INFO] iTidy_FormatListViewColumns() total time: 14787.471 ms 
[12:51:00][INFO]   Entries: 300, Columns: 5, Rows created: 300 
[12:51:01][INFO]   Breakdown: 
[12:51:02][INFO]     Initial sort:    4251.159 ms (28%) 
[12:51:03][INFO]     Width calc:      4417.668 ms (29%) 
[12:51:04][INFO]     Entry format:    6118.355 ms (41%) 
[12:51:05][INFO]   Time per entry: 49291 microseconds 
[12:51:07][INFO] ==================================== 
[12:51:19][INFO] iTidy_FormatListViewColumns: num_columns=5, width=85, mode=0, page_size=0, current_page=1 
[12:51:21][INFO] [PERF] Column width calculation: 113.588 ms 
[12:51:22][INFO]        Entries: 350, Columns: 5 
[12:51:23][INFO]        Time per entry: 324 microseconds 
[12:51:24][DEBUG] [FORMAT] Column widths calculated (columns=5) 
[12:51:25][DEBUG] [FORMAT] Row buffer=95 chars, cell buffer=256 chars 
[12:51:26][DEBUG] [FORMAT] Building header (simple=NO) 
[12:51:33][INFO] ==== LISTVIEW FORMAT PERFORMANCE ==== 
[12:51:34][INFO] iTidy_FormatListViewColumns() total time: 14490.903 ms 
[12:51:36][INFO]   Entries: 350, Columns: 5, Rows created: 350 
[12:51:37][INFO]   Breakdown: 
[12:51:38][INFO]     Initial sort:    2213.838 ms (15%) 
[12:51:39][INFO]     Width calc:      4187.358 ms (28%) 
[12:51:40][INFO]     Entry format:    8089.416 ms (55%) 
[12:51:42][INFO]   Time per entry: 41402 microseconds 
[12:51:43][INFO] ==================================== 
[12:51:53][INFO] iTidy_FormatListViewColumns: num_columns=5, width=85, mode=0, page_size=0, current_page=1 
[12:51:58][INFO] [PERF] Column width calculation: 113.536 ms 
[12:51:59][INFO]        Entries: 350, Columns: 5 
[12:52:00][INFO]        Time per entry: 324 microseconds 
[12:52:01][DEBUG] [FORMAT] Column widths calculated (columns=5) 
[12:52:02][DEBUG] [FORMAT] Row buffer=95 chars, cell buffer=256 chars 
[12:52:03][DEBUG] [FORMAT] Building header (simple=NO) 
[12:52:09][INFO] ==== LISTVIEW FORMAT PERFORMANCE ==== 
[12:52:10][INFO] iTidy_FormatListViewColumns() total time: 16081.413 ms 
[12:52:12][INFO]   Entries: 350, Columns: 5, Rows created: 350 
[12:52:13][INFO]   Breakdown: 
[12:52:15][INFO]     Initial sort:    4509.326 ms (28%) 
[12:52:16][INFO]     Width calc:      4442.911 ms (27%) 
[12:52:17][INFO]     Entry format:    7128.887 ms (44%) 
[12:52:18][INFO]   Time per entry: 45946 microseconds 
[12:52:19][INFO] ==================================== 
[12:52:33][INFO] iTidy_FormatListViewColumns: num_columns=5, width=85, mode=0, page_size=0, current_page=1 
[12:52:35][INFO] [PERF] Column width calculation: 128.443 ms 
[12:52:36][INFO]        Entries: 400, Columns: 5 
[12:52:37][INFO]        Time per entry: 321 microseconds 
[12:52:38][DEBUG] [FORMAT] Column widths calculated (columns=5) 
[12:52:39][DEBUG] [FORMAT] Row buffer=95 chars, cell buffer=256 chars 
[12:52:40][DEBUG] [FORMAT] Building header (simple=NO) 
[12:52:49][INFO] ==== LISTVIEW FORMAT PERFORMANCE ==== 
[12:52:50][INFO] iTidy_FormatListViewColumns() total time: 15813.465 ms 
[12:52:52][INFO]   Entries: 400, Columns: 5, Rows created: 400 
[12:52:53][INFO]   Breakdown: 
[12:52:54][INFO]     Initial sort:    2224.431 ms (14%) 
[12:52:55][INFO]     Width calc:      4216.448 ms (26%) 
[12:52:56][INFO]     Entry format:    9372.297 ms (59%) 
[12:52:57][INFO]   Time per entry: 39533 microseconds 
[12:52:58][INFO] ==================================== 
[12:53:11][INFO] iTidy_FormatListViewColumns: num_columns=5, width=85, mode=0, page_size=0, current_page=1 
[12:53:16][INFO] [PERF] Column width calculation: 129.054 ms 
[12:53:17][INFO]        Entries: 400, Columns: 5 
[12:53:18][INFO]        Time per entry: 322 microseconds 
[12:53:19][DEBUG] [FORMAT] Column widths calculated (columns=5) 
[12:53:20][DEBUG] [FORMAT] Row buffer=95 chars, cell buffer=256 chars 
[12:53:21][DEBUG] [FORMAT] Building header (simple=NO) 
[12:53:28][INFO] ==== LISTVIEW FORMAT PERFORMANCE ==== 
[12:53:29][INFO] iTidy_FormatListViewColumns() total time: 17555.617 ms 
[12:53:31][INFO]   Entries: 400, Columns: 5, Rows created: 400 
[12:53:33][INFO]   Breakdown: 
[12:53:34][INFO]     Initial sort:    4786.569 ms (27%) 
[12:53:35][INFO]     Width calc:      4445.710 ms (25%) 
[12:53:36][INFO]     Entry format:    8323.047 ms (47%) 
[12:53:37][INFO]   Time per entry: 43889 microseconds 
[12:53:38][INFO] ==================================== 
[12:53:54][INFO] iTidy_FormatListViewColumns: num_columns=5, width=85, mode=0, page_size=0, current_page=1 
[12:53:56][INFO] [PERF] Column width calculation: 147.096 ms 
[12:53:57][INFO]        Entries: 450, Columns: 5 
[12:53:58][INFO]        Time per entry: 326 microseconds 
[12:54:00][DEBUG] [FORMAT] Column widths calculated (columns=5) 
[12:54:01][DEBUG] [FORMAT] Row buffer=95 chars, cell buffer=256 chars 
[12:54:02][DEBUG] [FORMAT] Building header (simple=NO) 
[12:54:11][INFO] ==== LISTVIEW FORMAT PERFORMANCE ==== 
[12:54:13][INFO] iTidy_FormatListViewColumns() total time: 17272.377 ms 
[12:54:15][INFO]   Entries: 450, Columns: 5, Rows created: 450 
[12:54:16][INFO]   Breakdown: 
[12:54:17][INFO]     Initial sort:    2220.104 ms (12%) 
[12:54:18][INFO]     Width calc:      4204.061 ms (24%) 
[12:54:19][INFO]     Entry format:    10847.921 ms (62%) 
[12:54:20][INFO]   Time per entry: 38383 microseconds 
[12:54:21][INFO] ==================================== 
[12:54:36][INFO] iTidy_FormatListViewColumns: num_columns=5, width=85, mode=0, page_size=0, current_page=1 
[12:54:41][INFO] [PERF] Column width calculation: 150.798 ms 
[12:54:43][INFO]        Entries: 450, Columns: 5 
[12:54:44][INFO]        Time per entry: 335 microseconds 
[12:54:45][DEBUG] [FORMAT] Column widths calculated (columns=5) 
[12:54:46][DEBUG] [FORMAT] Row buffer=95 chars, cell buffer=256 chars 
[12:54:47][DEBUG] [FORMAT] Building header (simple=NO) 
[12:54:55][INFO] ==== LISTVIEW FORMAT PERFORMANCE ==== 
[12:54:56][INFO] iTidy_FormatListViewColumns() total time: 19121.795 ms 
[12:54:58][INFO]   Entries: 450, Columns: 5, Rows created: 450 
[12:54:59][INFO]   Breakdown: 
[12:55:00][INFO]     Initial sort:    5209.311 ms (27%) 
[12:55:02][INFO]     Width calc:      4505.514 ms (23%) 
[12:55:03][INFO]     Entry format:    9406.680 ms (49%) 
[12:55:04][INFO]   Time per entry: 42492 microseconds 
[12:55:05][INFO] ==================================== 
[12:55:23][INFO] iTidy_FormatListViewColumns: num_columns=5, width=85, mode=0, page_size=0, current_page=1 
[12:55:26][INFO] [PERF] Column width calculation: 159.682 ms 
[12:55:27][INFO]        Entries: 500, Columns: 5 
[12:55:28][INFO]        Time per entry: 319 microseconds 
[12:55:29][DEBUG] [FORMAT] Column widths calculated (columns=5) 
[12:55:30][DEBUG] [FORMAT] Row buffer=95 chars, cell buffer=256 chars 
[12:55:31][DEBUG] [FORMAT] Building header (simple=NO) 
[12:55:42][INFO] ==== LISTVIEW FORMAT PERFORMANCE ==== 
[12:55:43][INFO] iTidy_FormatListViewColumns() total time: 18856.867 ms 
[12:55:46][INFO]   Entries: 500, Columns: 5, Rows created: 500 
[12:55:47][INFO]   Breakdown: 
[12:55:48][INFO]     Initial sort:    2256.979 ms (11%) 
[12:55:49][INFO]     Width calc:      4185.905 ms (22%) 
[12:55:50][INFO]     Entry format:    12413.697 ms (65%) 
[12:55:51][INFO]   Time per entry: 37713 microseconds 
[12:55:52][INFO] ==================================== 
[12:56:10][INFO] iTidy_FormatListViewColumns: num_columns=5, width=85, mode=0, page_size=0, current_page=1 
[12:56:15][INFO] [PERF] Column width calculation: 159.336 ms 
[12:56:16][INFO]        Entries: 500, Columns: 5 
[12:56:17][INFO]        Time per entry: 318 microseconds 
[12:56:19][DEBUG] [FORMAT] Column widths calculated (columns=5) 
[12:56:20][DEBUG] [FORMAT] Row buffer=95 chars, cell buffer=256 chars 
[12:56:21][DEBUG] [FORMAT] Building header (simple=NO) 
[12:56:31][INFO] ==== LISTVIEW FORMAT PERFORMANCE ==== 
[12:56:32][INFO] iTidy_FormatListViewColumns() total time: 21102.800 ms 
[12:56:34][INFO]   Entries: 500, Columns: 5, Rows created: 500 
[12:56:35][INFO]   Breakdown: 
[12:56:36][INFO]     Initial sort:    5553.820 ms (26%) 
[12:56:37][INFO]     Width calc:      4546.771 ms (21%) 
[12:56:38][INFO]     Entry format:    11001.923 ms (52%) 
[12:56:39][INFO]   Time per entry: 42205 microseconds 
[12:56:42][INFO] ==================================== 
[12:57:03][INFO] iTidy_FormatListViewColumns: num_columns=5, width=85, mode=0, page_size=0, current_page=1 
[12:57:05][INFO] [PERF] Column width calculation: 174.239 ms 
[12:57:06][INFO]        Entries: 550, Columns: 5 
[12:57:07][INFO]        Time per entry: 316 microseconds 
[12:57:08][DEBUG] [FORMAT] Column widths calculated (columns=5) 
[12:57:10][DEBUG] [FORMAT] Row buffer=95 chars, cell buffer=256 chars 
[12:57:11][DEBUG] [FORMAT] Building header (simple=NO) 
[12:57:23][INFO] ==== LISTVIEW FORMAT PERFORMANCE ==== 
[12:57:25][INFO] iTidy_FormatListViewColumns() total time: 20243.628 ms 
[12:57:27][INFO]   Entries: 550, Columns: 5, Rows created: 550 
[12:57:28][INFO]   Breakdown: 
[12:57:29][INFO]     Initial sort:    2221.223 ms (10%) 
[12:57:30][INFO]     Width calc:      4208.146 ms (20%) 
[12:57:31][INFO]     Entry format:    13813.969 ms (68%) 
[12:57:32][INFO]   Time per entry: 36806 microseconds 
[12:57:33][INFO] ==================================== 
[12:57:53][INFO] iTidy_FormatListViewColumns: num_columns=5, width=85, mode=0, page_size=0, current_page=1 
[12:57:59][INFO] [PERF] Column width calculation: 174.345 ms 
[12:58:00][INFO]        Entries: 550, Columns: 5 
[12:58:01][INFO]        Time per entry: 316 microseconds 
[12:58:02][DEBUG] [FORMAT] Column widths calculated (columns=5) 
[12:58:03][DEBUG] [FORMAT] Row buffer=95 chars, cell buffer=256 chars 
[12:58:05][DEBUG] [FORMAT] Building header (simple=NO) 
[12:58:16][INFO] ==== LISTVIEW FORMAT PERFORMANCE ==== 
[12:58:17][INFO] iTidy_FormatListViewColumns() total time: 22546.886 ms 
[12:58:19][INFO]   Entries: 550, Columns: 5, Rows created: 550 
[12:58:20][INFO]   Breakdown: 
[12:58:21][INFO]     Initial sort:    5795.731 ms (25%) 
[12:58:22][INFO]     Width calc:      4570.509 ms (20%) 
[12:58:23][INFO]     Entry format:    12180.355 ms (54%) 
[12:58:24][INFO]   Time per entry: 40994 microseconds 
[12:58:25][INFO] ==================================== 
[12:58:50][INFO] iTidy_FormatListViewColumns: num_columns=5, width=85, mode=0, page_size=0, current_page=1 
[12:58:52][INFO] [PERF] Column width calculation: 193.644 ms 
[12:58:53][INFO]        Entries: 600, Columns: 5 
[12:58:54][INFO]        Time per entry: 322 microseconds 
[12:58:55][DEBUG] [FORMAT] Column widths calculated (columns=5) 
[12:58:56][DEBUG] [FORMAT] Row buffer=95 chars, cell buffer=256 chars 
[12:58:57][DEBUG] [FORMAT] Building header (simple=NO) 
[12:59:12][INFO] ==== LISTVIEW FORMAT PERFORMANCE ==== 
[12:59:13][INFO] iTidy_FormatListViewColumns() total time: 22018.283 ms 
[12:59:15][INFO]   Entries: 600, Columns: 5, Rows created: 600 
[12:59:16][INFO]   Breakdown: 
[12:59:17][INFO]     Initial sort:    2261.492 ms (10%) 
[12:59:18][INFO]     Width calc:      4214.609 ms (19%) 
[12:59:19][INFO]     Entry format:    15541.893 ms (70%) 
[12:59:20][INFO]   Time per entry: 36697 microseconds 
[12:59:21][INFO] ==================================== 
[12:59:44][INFO] iTidy_FormatListViewColumns: num_columns=5, width=85, mode=0, page_size=0, current_page=1 
[12:59:51][INFO] [PERF] Column width calculation: 195.235 ms 
[12:59:52][INFO]        Entries: 600, Columns: 5 
[12:59:53][INFO]        Time per entry: 325 microseconds 
[12:59:54][DEBUG] [FORMAT] Column widths calculated (columns=5) 
[12:59:55][DEBUG] [FORMAT] Row buffer=95 chars, cell buffer=256 chars 
[12:59:56][DEBUG] [FORMAT] Building header (simple=NO) 
[13:00:09][INFO] ==== LISTVIEW FORMAT PERFORMANCE ==== 
[13:00:11][INFO] iTidy_FormatListViewColumns() total time: 24920.662 ms 
[13:00:13][INFO]   Entries: 600, Columns: 5, Rows created: 600 
[13:00:14][INFO]   Breakdown: 
[13:00:15][INFO]     Initial sort:    6218.988 ms (24%) 
[13:00:16][INFO]     Width calc:      4576.886 ms (18%) 
[13:00:17][INFO]     Entry format:    14124.496 ms (56%) 
[13:00:18][INFO]   Time per entry: 41534 microseconds 
[13:00:19][INFO] ==================================== 
[13:00:47][INFO] iTidy_FormatListViewColumns: num_columns=5, width=85, mode=0, page_size=0, current_page=1 
[13:00:49][INFO] [PERF] Column width calculation: 269.197 ms 
[13:00:50][INFO]        Entries: 650, Columns: 5 
[13:00:51][INFO]        Time per entry: 414 microseconds 
[13:00:52][DEBUG] [FORMAT] Column widths calculated (columns=5) 
[13:00:53][DEBUG] [FORMAT] Row buffer=95 chars, cell buffer=256 chars 
[13:00:54][DEBUG] [FORMAT] Building header (simple=NO) 
[13:01:11][INFO] ==== LISTVIEW FORMAT PERFORMANCE ==== 
[13:01:12][INFO] iTidy_FormatListViewColumns() total time: 24108.777 ms 
[13:01:14][INFO]   Entries: 650, Columns: 5, Rows created: 650 
[13:01:15][INFO]   Breakdown: 
[13:01:16][INFO]     Initial sort:    2256.551 ms (9%) 
[13:01:17][INFO]     Width calc:      4196.311 ms (17%) 
[13:01:18][INFO]     Entry format:    17655.627 ms (73%) 
[13:01:19][INFO]   Time per entry: 37090 microseconds 
[13:01:20][INFO] ==================================== 
[13:01:47][INFO] iTidy_FormatListViewColumns: num_columns=5, width=85, mode=0, page_size=0, current_page=1 
[13:01:54][INFO] [PERF] Column width calculation: 206.087 ms 
[13:01:55][INFO]        Entries: 650, Columns: 5 
[13:01:56][INFO]        Time per entry: 317 microseconds 
[13:01:57][DEBUG] [FORMAT] Column widths calculated (columns=5) 
[13:01:58][DEBUG] [FORMAT] Row buffer=95 chars, cell buffer=256 chars 
[13:01:59][DEBUG] [FORMAT] Building header (simple=NO) 
[13:02:14][INFO] ==== LISTVIEW FORMAT PERFORMANCE ==== 
[13:02:15][INFO] iTidy_FormatListViewColumns() total time: 26876.991 ms 
[13:02:17][INFO]   Entries: 650, Columns: 5, Rows created: 650 
[13:02:19][INFO]   Breakdown: 
[13:02:20][INFO]     Initial sort:    6490.261 ms (24%) 
[13:02:21][INFO]     Width calc:      4595.152 ms (17%) 
[13:02:22][INFO]     Entry format:    15791.287 ms (58%) 
[13:02:23][INFO]   Time per entry: 41349 microseconds 
[13:02:24][INFO] ==================================== 
[13:02:55][INFO] iTidy_FormatListViewColumns: num_columns=5, width=85, mode=0, page_size=0, current_page=1 
[13:02:57][INFO] [PERF] Column width calculation: 236.026 ms 
[13:02:58][INFO]        Entries: 700, Columns: 5 
[13:02:59][INFO]        Time per entry: 337 microseconds 
[13:03:00][DEBUG] [FORMAT] Column widths calculated (columns=5) 
[13:03:01][DEBUG] [FORMAT] Row buffer=95 chars, cell buffer=256 chars 
[13:03:02][DEBUG] [FORMAT] Building header (simple=NO) 
[13:03:20][INFO] ==== LISTVIEW FORMAT PERFORMANCE ==== 
[13:03:22][INFO] iTidy_FormatListViewColumns() total time: 25654.926 ms 
[13:03:24][INFO]   Entries: 700, Columns: 5, Rows created: 700 
[13:03:25][INFO]   Breakdown: 
[13:03:26][INFO]     Initial sort:    2255.239 ms (8%) 
[13:03:27][INFO]     Width calc:      4214.148 ms (16%) 
[13:03:28][INFO]     Entry format:    19185.253 ms (74%) 
[13:03:29][INFO]   Time per entry: 36649 microseconds 
[13:03:30][INFO] ==================================== 
[13:04:00][INFO] iTidy_FormatListViewColumns: num_columns=5, width=85, mode=0, page_size=0, current_page=1 
[13:04:07][INFO] [PERF] Column width calculation: 224.066 ms 
[13:04:08][INFO]        Entries: 700, Columns: 5 
[13:04:09][INFO]        Time per entry: 320 microseconds 
[13:04:10][DEBUG] [FORMAT] Column widths calculated (columns=5) 
[13:04:11][DEBUG] [FORMAT] Row buffer=95 chars, cell buffer=256 chars 
[13:04:13][DEBUG] [FORMAT] Building header (simple=NO) 
[13:04:29][INFO] ==== LISTVIEW FORMAT PERFORMANCE ==== 
[13:04:30][INFO] iTidy_FormatListViewColumns() total time: 28929.399 ms 
[13:04:32][INFO]   Entries: 700, Columns: 5, Rows created: 700 
[13:04:33][INFO]   Breakdown: 
[13:04:34][INFO]     Initial sort:    6873.075 ms (23%) 
[13:04:35][INFO]     Width calc:      4644.001 ms (16%) 
[13:04:36][INFO]     Entry format:    17412.032 ms (60%) 
[13:04:38][INFO]   Time per entry: 41327 microseconds 
[13:04:39][INFO] ==================================== 
[13:05:13][INFO] iTidy_FormatListViewColumns: num_columns=5, width=85, mode=0, page_size=0, current_page=1 
[13:05:15][INFO] [PERF] Column width calculation: 253.871 ms 
[13:05:16][INFO]        Entries: 750, Columns: 5 
[13:05:17][INFO]        Time per entry: 338 microseconds 
[13:05:18][DEBUG] [FORMAT] Column widths calculated (columns=5) 
[13:05:20][DEBUG] [FORMAT] Row buffer=95 chars, cell buffer=256 chars 
[13:05:22][DEBUG] [FORMAT] Building header (simple=NO) 
[13:05:42][INFO] ==== LISTVIEW FORMAT PERFORMANCE ==== 
[13:05:43][INFO] iTidy_FormatListViewColumns() total time: 29249.386 ms 
[13:05:46][INFO]   Entries: 750, Columns: 5, Rows created: 750 
[13:05:47][INFO]   Breakdown: 
[13:05:48][INFO]     Initial sort:    2256.103 ms (7%) 
[13:05:49][INFO]     Width calc:      4273.983 ms (14%) 
[13:05:50][INFO]     Entry format:    22719.007 ms (77%) 
[13:05:51][INFO]   Time per entry: 38999 microseconds 
[13:05:52][INFO] ==================================== 
[13:06:26][INFO] iTidy_FormatListViewColumns: num_columns=5, width=85, mode=0, page_size=0, current_page=1 
[13:06:34][INFO] [PERF] Column width calculation: 243.196 ms 
[13:06:35][INFO]        Entries: 750, Columns: 5 
[13:06:36][INFO]        Time per entry: 324 microseconds 
[13:06:37][DEBUG] [FORMAT] Column widths calculated (columns=5) 
[13:06:38][DEBUG] [FORMAT] Row buffer=95 chars, cell buffer=256 chars 
[13:06:39][DEBUG] [FORMAT] Building header (simple=NO) 
[13:06:58][INFO] ==== LISTVIEW FORMAT PERFORMANCE ==== 
[13:06:59][INFO] iTidy_FormatListViewColumns() total time: 31409.932 ms 
[13:07:01][INFO]   Entries: 750, Columns: 5, Rows created: 750 
[13:07:02][INFO]   Breakdown: 
[13:07:03][INFO]     Initial sort:    7265.163 ms (23%) 
[13:07:04][INFO]     Width calc:      4635.440 ms (14%) 
[13:07:05][INFO]     Entry format:    19509.039 ms (62%) 
[13:07:06][INFO]   Time per entry: 41879 microseconds 
[13:07:07][INFO] ==================================== 
[13:07:46][INFO] iTidy_FormatListViewColumns: num_columns=5, width=85, mode=0, page_size=0, current_page=1 
[13:07:48][INFO] [PERF] Column width calculation: 268.732 ms 
[13:07:49][INFO]        Entries: 800, Columns: 5 
[13:07:50][INFO]        Time per entry: 335 microseconds 
[13:07:51][DEBUG] [FORMAT] Column widths calculated (columns=5) 
[13:07:52][DEBUG] [FORMAT] Row buffer=95 chars, cell buffer=256 chars 
[13:07:53][DEBUG] [FORMAT] Building header (simple=NO) 
[13:08:15][INFO] ==== LISTVIEW FORMAT PERFORMANCE ==== 
[13:08:17][INFO] iTidy_FormatListViewColumns() total time: 29817.591 ms 
[13:08:19][INFO]   Entries: 800, Columns: 5, Rows created: 800 
[13:08:20][INFO]   Breakdown: 
[13:08:21][INFO]     Initial sort:    2236.397 ms (7%) 
[13:08:22][INFO]     Width calc:      4247.361 ms (14%) 
[13:08:23][INFO]     Entry format:    23333.540 ms (78%) 
[13:08:24][INFO]   Time per entry: 37271 microseconds 
[13:08:25][INFO] ==================================== 
[13:09:03][INFO] iTidy_FormatListViewColumns: num_columns=5, width=85, mode=0, page_size=0, current_page=1 
[13:09:11][INFO] [PERF] Column width calculation: 257.743 ms 
[13:09:12][INFO]        Entries: 800, Columns: 5 
[13:09:14][INFO]        Time per entry: 322 microseconds 
[13:09:15][DEBUG] [FORMAT] Column widths calculated (columns=5) 
[13:09:16][DEBUG] [FORMAT] Row buffer=95 chars, cell buffer=256 chars 
[13:09:17][DEBUG] [FORMAT] Building header (simple=NO) 
[13:09:37][INFO] ==== LISTVIEW FORMAT PERFORMANCE ==== 
[13:09:38][INFO] iTidy_FormatListViewColumns() total time: 33606.351 ms 
[13:09:40][INFO]   Entries: 800, Columns: 5, Rows created: 800 
[13:09:41][INFO]   Breakdown: 
[13:09:42][INFO]     Initial sort:    7686.138 ms (22%) 
[13:09:43][INFO]     Width calc:      4683.258 ms (13%) 
[13:09:44][INFO]     Entry format:    21236.665 ms (63%) 
[13:09:47][INFO]   Time per entry: 42007 microseconds 
[13:09:48][INFO] ==================================== 
[13:10:30][INFO] iTidy_FormatListViewColumns: num_columns=5, width=85, mode=0, page_size=0, current_page=1 
[13:10:32][INFO] [PERF] Column width calculation: 285.156 ms 
[13:10:33][INFO]        Entries: 850, Columns: 5 
[13:10:34][INFO]        Time per entry: 335 microseconds 
[13:10:35][DEBUG] [FORMAT] Column widths calculated (columns=5) 
[13:10:36][DEBUG] [FORMAT] Row buffer=95 chars, cell buffer=256 chars 
[13:10:37][DEBUG] [FORMAT] Building header (simple=NO) 
[13:11:02][INFO] ==== LISTVIEW FORMAT PERFORMANCE ==== 
[13:11:03][INFO] iTidy_FormatListViewColumns() total time: 31888.003 ms 
[13:11:05][INFO]   Entries: 850, Columns: 5, Rows created: 850 
[13:11:06][INFO]   Breakdown: 
[13:11:07][INFO]     Initial sort:    2273.139 ms (7%) 
[13:11:08][INFO]     Width calc:      4249.114 ms (13%) 
[13:11:09][INFO]     Entry format:    25365.459 ms (79%) 
[13:11:10][INFO]   Time per entry: 37515 microseconds 
[13:11:12][INFO] ==================================== 
[13:11:53][INFO] iTidy_FormatListViewColumns: num_columns=5, width=85, mode=0, page_size=0, current_page=1 
[13:12:01][INFO] [PERF] Column width calculation: 269.756 ms 
[13:12:02][INFO]        Entries: 850, Columns: 5 
[13:12:03][INFO]        Time per entry: 317 microseconds 
[13:12:04][DEBUG] [FORMAT] Column widths calculated (columns=5) 
[13:12:06][DEBUG] [FORMAT] Row buffer=95 chars, cell buffer=256 chars 
[13:12:07][DEBUG] [FORMAT] Building header (simple=NO) 
[13:12:29][INFO] ==== LISTVIEW FORMAT PERFORMANCE ==== 
[13:12:30][INFO] iTidy_FormatListViewColumns() total time: 36055.141 ms 
[13:12:32][INFO]   Entries: 850, Columns: 5, Rows created: 850 
[13:12:33][INFO]   Breakdown: 
[13:12:34][INFO]     Initial sort:    7964.149 ms (22%) 
[13:12:35][INFO]     Width calc:      4671.397 ms (12%) 
[13:12:37][INFO]     Entry format:    23419.303 ms (64%) 
[13:12:38][INFO]   Time per entry: 42417 microseconds 
[13:12:39][INFO] ==================================== 
[13:13:25][INFO] iTidy_FormatListViewColumns: num_columns=5, width=85, mode=0, page_size=0, current_page=1 
[13:13:27][INFO] [PERF] Column width calculation: 297.818 ms 
[13:13:28][INFO]        Entries: 900, Columns: 5 
[13:13:29][INFO]        Time per entry: 330 microseconds 
[13:13:30][DEBUG] [FORMAT] Column widths calculated (columns=5) 
[13:13:31][DEBUG] [FORMAT] Row buffer=95 chars, cell buffer=256 chars 
[13:13:32][DEBUG] [FORMAT] Building header (simple=NO) 
[13:13:59][INFO] ==== LISTVIEW FORMAT PERFORMANCE ==== 
[13:14:00][INFO] iTidy_FormatListViewColumns() total time: 34100.617 ms 
[13:14:02][INFO]   Entries: 900, Columns: 5, Rows created: 900 
[13:14:03][INFO]   Breakdown: 
[13:14:04][INFO]     Initial sort:    2249.294 ms (6%) 
[13:14:05][INFO]     Width calc:      4250.785 ms (12%) 
[13:14:06][INFO]     Entry format:    27600.255 ms (80%) 
[13:14:07][INFO]   Time per entry: 37889 microseconds 
[13:14:09][INFO] ==================================== 
[13:14:54][INFO] iTidy_FormatListViewColumns: num_columns=5, width=85, mode=0, page_size=0, current_page=1 
[13:15:02][INFO] [PERF] Column width calculation: 286.832 ms 
[13:15:03][INFO]        Entries: 900, Columns: 5 
[13:15:04][INFO]        Time per entry: 318 microseconds 
[13:15:06][DEBUG] [FORMAT] Column widths calculated (columns=5) 
[13:15:07][DEBUG] [FORMAT] Row buffer=95 chars, cell buffer=256 chars 
[13:15:08][DEBUG] [FORMAT] Building header (simple=NO) 
[13:15:32][INFO] ==== LISTVIEW FORMAT PERFORMANCE ==== 
[13:15:33][INFO] iTidy_FormatListViewColumns() total time: 38274.822 ms 
[13:15:35][INFO]   Entries: 900, Columns: 5, Rows created: 900 
[13:15:36][INFO]   Breakdown: 
[13:15:37][INFO]     Initial sort:    8237.825 ms (21%) 
[13:15:38][INFO]     Width calc:      4677.574 ms (12%) 
[13:15:40][INFO]     Entry format:    25359.132 ms (66%) 
[13:15:41][INFO]   Time per entry: 42527 microseconds 
[13:15:42][INFO] ==================================== 
[13:16:32][INFO] iTidy_FormatListViewColumns: num_columns=5, width=85, mode=0, page_size=0, current_page=1 
[13:16:34][INFO] [PERF] Column width calculation: 318.022 ms 
[13:16:35][INFO]        Entries: 950, Columns: 5 
[13:16:36][INFO]        Time per entry: 334 microseconds 
[13:16:37][DEBUG] [FORMAT] Column widths calculated (columns=5) 
[13:16:38][DEBUG] [FORMAT] Row buffer=95 chars, cell buffer=256 chars 
[13:16:39][DEBUG] [FORMAT] Building header (simple=NO) 
[13:17:08][INFO] ==== LISTVIEW FORMAT PERFORMANCE ==== 
[13:17:10][INFO] iTidy_FormatListViewColumns() total time: 36601.965 ms 
[13:17:12][INFO]   Entries: 950, Columns: 5, Rows created: 950 
[13:17:13][INFO]   Breakdown: 
[13:17:14][INFO]     Initial sort:    2267.534 ms (6%) 
[13:17:15][INFO]     Width calc:      4272.211 ms (11%) 
[13:17:16][INFO]     Entry format:    30061.933 ms (82%) 
[13:17:17][INFO]   Time per entry: 38528 microseconds 
[13:17:18][INFO] ==================================== 
[13:18:08][INFO] iTidy_FormatListViewColumns: num_columns=5, width=85, mode=0, page_size=0, current_page=1 
[13:18:18][INFO] [PERF] Column width calculation: 305.227 ms 
[13:18:19][INFO]        Entries: 950, Columns: 5 
[13:18:20][INFO]        Time per entry: 321 microseconds 
[13:18:21][DEBUG] [FORMAT] Column widths calculated (columns=5) 
[13:18:22][DEBUG] [FORMAT] Row buffer=95 chars, cell buffer=256 chars 
[13:18:23][DEBUG] [FORMAT] Building header (simple=NO) 
[13:18:50][INFO] ==== LISTVIEW FORMAT PERFORMANCE ==== 
[13:18:52][INFO] iTidy_FormatListViewColumns() total time: 42053.133 ms 
[13:18:54][INFO]   Entries: 950, Columns: 5, Rows created: 950 
[13:18:55][INFO]   Breakdown: 
[13:18:57][INFO]     Initial sort:    9389.860 ms (22%) 
[13:18:58][INFO]     Width calc:      4730.498 ms (11%) 
[13:18:59][INFO]     Entry format:    27932.484 ms (66%) 
[13:19:00][INFO]   Time per entry: 44266 microseconds 
[13:19:02][INFO] ==================================== 
[13:19:57][INFO] iTidy_FormatListViewColumns: num_columns=5, width=85, mode=0, page_size=0, current_page=1 
[13:20:00][INFO] [PERF] Column width calculation: 331.306 ms 
[13:20:01][INFO]        Entries: 1000, Columns: 5 
[13:20:02][INFO]        Time per entry: 331 microseconds 
[13:20:03][DEBUG] [FORMAT] Column widths calculated (columns=5) 
[13:20:05][DEBUG] [FORMAT] Row buffer=95 chars, cell buffer=256 chars 
[13:20:06][DEBUG] [FORMAT] Building header (simple=NO) 
[13:20:38][INFO] ==== LISTVIEW FORMAT PERFORMANCE ==== 
[13:20:40][INFO] iTidy_FormatListViewColumns() total time: 41562.365 ms 
[13:20:43][INFO]   Entries: 1000, Columns: 5, Rows created: 1000 
[13:20:44][INFO]   Breakdown: 
[13:20:45][INFO]     Initial sort:    3076.286 ms (7%) 
[13:20:46][INFO]     Width calc:      5004.871 ms (12%) 
[13:20:48][INFO]     Entry format:    33480.916 ms (80%) 
[13:20:49][INFO]   Time per entry: 41562 microseconds 
[13:20:50][INFO] ==================================== 
[13:21:49][INFO] iTidy_FormatListViewColumns: num_columns=5, width=85, mode=0, page_size=0, current_page=1 
[13:22:00][INFO] [PERF] Column width calculation: 362.628 ms 
[13:22:02][INFO]        Entries: 1000, Columns: 5 
[13:22:03][INFO]        Time per entry: 362 microseconds 
