[17:33:18][INFO] Memory tracking initialized
[17:33:18][DEBUG] ALLOC: 7 bytes at 0x404b3084 (src\utilities.c:193) [Current: 7, Peak: 7]
[17:33:22][DEBUG] ALLOC: 18 bytes at 0x404b310c (src\icon_management.c:56) [Current: 25, Peak: 25]
[17:33:22][DEBUG] ALLOC: 25 bytes at 0x404b313c (src\icon_types.c:221) [Current: 50, Peak: 50]
[17:33:22][DEBUG] FREE: 25 bytes at 0x404b313c (allocated src\icon_types.c:221, freed src\icon_types.c:259) [Current: 25]
[17:33:22][DEBUG] ALLOC: 20 bytes at 0x404b313c (src\icon_types.c:276) [Current: 45, Peak: 50]
[17:33:22][DEBUG] FREE: 20 bytes at 0x404b313c (allocated src\icon_types.c:276, freed src\icon_types.c:347) [Current: 25]
[17:33:22][DEBUG] ALLOC: 25 bytes at 0x404b313c (src\icon_management.c:515) [Current: 50, Peak: 50]
[17:33:22][DEBUG] ALLOC: 22 bytes at 0x404b3174 (src\icon_management.c:532) [Current: 72, Peak: 72]
[17:33:22][DEBUG] ALLOC: 68 bytes at 0x404b31ac (src\icon_management.c:81) [Current: 140, Peak: 140]
[17:33:22][DEBUG] ALLOC: 18 bytes at 0x404b320c (src\icon_types.c:221) [Current: 158, Peak: 158]
[17:33:22][DEBUG] FREE: 18 bytes at 0x404b320c (allocated src\icon_types.c:221, freed src\icon_types.c:259) [Current: 140]
[17:33:22][DEBUG] ALLOC: 13 bytes at 0x404b320c (src\icon_types.c:276) [Current: 153, Peak: 158]
[17:33:22][DEBUG] FREE: 13 bytes at 0x404b320c (allocated src\icon_types.c:276, freed src\icon_types.c:347) [Current: 140]
[17:33:22][DEBUG] ALLOC: 18 bytes at 0x404b320c (src\icon_management.c:515) [Current: 158, Peak: 158]
[17:33:22][DEBUG] ALLOC: 15 bytes at 0x404b323c (src\icon_management.c:532) [Current: 173, Peak: 173]
[17:33:22][DEBUG] ALLOC: 136 bytes at 0x404b326c (src\icon_management.c:81) [Current: 309, Peak: 309]
[17:33:22][DEBUG] FREE: 68 bytes at 0x404b31ac (allocated src\icon_management.c:81, freed src\icon_management.c:93) [Current: 241]
[17:33:22][DEBUG] ALLOC: 18 bytes at 0x404b31ac (src\icon_types.c:221) [Current: 259, Peak: 309]
[17:33:22][DEBUG] FREE: 18 bytes at 0x404b31ac (allocated src\icon_types.c:221, freed src\icon_types.c:259) [Current: 241]
[17:33:22][DEBUG] ALLOC: 13 bytes at 0x404b31ac (src\icon_types.c:276) [Current: 254, Peak: 309]
[17:33:22][DEBUG] FREE: 13 bytes at 0x404b31ac (allocated src\icon_types.c:276, freed src\icon_types.c:347) [Current: 241]
[17:33:22][DEBUG] ALLOC: 18 bytes at 0x404b31ac (src\icon_management.c:515) [Current: 259, Peak: 309]
[17:33:22][DEBUG] ALLOC: 15 bytes at 0x404b31dc (src\icon_management.c:532) [Current: 274, Peak: 309]
[17:33:22][DEBUG] ALLOC: 272 bytes at 0x404b3314 (src\icon_management.c:81) [Current: 546, Peak: 546]
[17:33:22][DEBUG] FREE: 136 bytes at 0x404b326c (allocated src\icon_management.c:81, freed src\icon_management.c:93) [Current: 410]
[17:33:22][DEBUG] ALLOC: 14 bytes at 0x404b326c (src\icon_types.c:221) [Current: 424, Peak: 546]
[17:33:22][DEBUG] FREE: 14 bytes at 0x404b326c (allocated src\icon_types.c:221, freed src\icon_types.c:259) [Current: 410]
[17:33:22][DEBUG] ALLOC: 9 bytes at 0x404b3084 (src\icon_types.c:276) [Current: 419, Peak: 546]
[17:33:22][DEBUG] FREE: 9 bytes at 0x404b3084 (allocated src\icon_types.c:276, freed src\icon_types.c:347) [Current: 410]
[17:33:22][DEBUG] ALLOC: 14 bytes at 0x404b326c (src\icon_management.c:515) [Current: 424, Peak: 546]
[17:33:22][DEBUG] ALLOC: 11 bytes at 0x404b3084 (src\icon_management.c:532) [Current: 435, Peak: 546]
[17:33:22][DEBUG] ALLOC: 14 bytes at 0x404b32b4 (src\icon_types.c:221) [Current: 449, Peak: 546]
[17:33:22][DEBUG] FREE: 14 bytes at 0x404b32b4 (allocated src\icon_types.c:221, freed src\icon_types.c:259) [Current: 435]
[17:33:22][DEBUG] ALLOC: 9 bytes at 0x404b32b4 (src\icon_types.c:276) [Current: 444, Peak: 546]
[17:33:22][DEBUG] FREE: 9 bytes at 0x404b32b4 (allocated src\icon_types.c:276, freed src\icon_types.c:347) [Current: 435]
[17:33:22][DEBUG] ALLOC: 14 bytes at 0x404b32b4 (src\icon_management.c:515) [Current: 449, Peak: 546]
[17:33:22][DEBUG] ALLOC: 11 bytes at 0x404b32e4 (src\icon_management.c:532) [Current: 460, Peak: 546]
[17:33:22][DEBUG] ALLOC: 544 bytes at 0x404b3444 (src\icon_management.c:81) [Current: 1004, Peak: 1004]
[17:33:22][DEBUG] FREE: 272 bytes at 0x404b3314 (allocated src\icon_management.c:81, freed src\icon_management.c:93) [Current: 732]
[17:33:22][DEBUG] ALLOC: 28 bytes at 0x404b330c (src\icon_types.c:221) [Current: 760, Peak: 1004]
[17:33:22][DEBUG] FREE: 28 bytes at 0x404b330c (allocated src\icon_types.c:221, freed src\icon_types.c:259) [Current: 732]
[17:33:22][DEBUG] ALLOC: 23 bytes at 0x404b330c (src\icon_types.c:276) [Current: 755, Peak: 1004]
[17:33:22][DEBUG] FREE: 23 bytes at 0x404b330c (allocated src\icon_types.c:276, freed src\icon_types.c:347) [Current: 732]
[17:33:22][DEBUG] ALLOC: 28 bytes at 0x404b330c (src\icon_management.c:515) [Current: 760, Peak: 1004]
[17:33:22][DEBUG] ALLOC: 25 bytes at 0x404b3344 (src\icon_management.c:532) [Current: 785, Peak: 1004]
[17:33:22][DEBUG] ALLOC: 12 bytes at 0x404b337c (src\icon_types.c:221) [Current: 797, Peak: 1004]
[17:33:22][DEBUG] FREE: 12 bytes at 0x404b337c (allocated src\icon_types.c:221, freed src\icon_types.c:259) [Current: 785]
[17:33:22][DEBUG] ALLOC: 7 bytes at 0x404b337c (src\icon_types.c:276) [Current: 792, Peak: 1004]
[17:33:22][DEBUG] FREE: 7 bytes at 0x404b337c (allocated src\icon_types.c:276, freed src\icon_types.c:347) [Current: 785]
[17:33:22][DEBUG] ALLOC: 12 bytes at 0x404b337c (src\icon_management.c:515) [Current: 797, Peak: 1004]
[17:33:22][DEBUG] ALLOC: 9 bytes at 0x404b33a4 (src\icon_management.c:532) [Current: 806, Peak: 1004]
[17:33:22][DEBUG] ALLOC: 11 bytes at 0x404b33cc (src\icon_types.c:221) [Current: 817, Peak: 1004]
[17:33:22][DEBUG] FREE: 11 bytes at 0x404b33cc (allocated src\icon_types.c:221, freed src\icon_types.c:259) [Current: 806]
[17:33:22][DEBUG] ALLOC: 6 bytes at 0x404b33cc (src\icon_types.c:276) [Current: 812, Peak: 1004]
[17:33:22][DEBUG] FREE: 6 bytes at 0x404b33cc (allocated src\icon_types.c:276, freed src\icon_types.c:347) [Current: 806]
[17:33:22][DEBUG] ALLOC: 11 bytes at 0x404b33cc (src\icon_management.c:515) [Current: 817, Peak: 1004]
[17:33:22][DEBUG] ALLOC: 8 bytes at 0x404b33f4 (src\icon_management.c:532) [Current: 825, Peak: 1004]
[17:33:22][DEBUG] ALLOC: 20 bytes at 0x404b341c (src\icon_types.c:221) [Current: 845, Peak: 1004]
[17:33:22][DEBUG] FREE: 20 bytes at 0x404b341c (allocated src\icon_types.c:221, freed src\icon_types.c:259) [Current: 825]
[17:33:22][DEBUG] ALLOC: 15 bytes at 0x404b341c (src\icon_types.c:276) [Current: 840, Peak: 1004]
[17:33:22][DEBUG] FREE: 15 bytes at 0x404b341c (allocated src\icon_types.c:276, freed src\icon_types.c:347) [Current: 825]
[17:33:22][DEBUG] ALLOC: 20 bytes at 0x404b341c (src\icon_management.c:515) [Current: 845, Peak: 1004]
[17:33:22][DEBUG] ALLOC: 17 bytes at 0x404b369c (src\icon_management.c:532) [Current: 862, Peak: 1004]
[17:33:22][DEBUG] ALLOC: 1088 bytes at 0x404b36cc (src\icon_management.c:81) [Current: 1950, Peak: 1950]
[17:33:22][DEBUG] FREE: 544 bytes at 0x404b3444 (allocated src\icon_management.c:81, freed src\icon_management.c:93) [Current: 1406]
[17:33:22][DEBUG] ALLOC: 22 bytes at 0x404b3434 (src\icon_types.c:221) [Current: 1428, Peak: 1950]
[17:33:22][DEBUG] FREE: 22 bytes at 0x404b3434 (allocated src\icon_types.c:221, freed src\icon_types.c:259) [Current: 1406]
[17:33:22][DEBUG] ALLOC: 17 bytes at 0x404b3434 (src\icon_types.c:276) [Current: 1423, Peak: 1950]
[17:33:22][DEBUG] FREE: 17 bytes at 0x404b3434 (allocated src\icon_types.c:276, freed src\icon_types.c:347) [Current: 1406]
[17:33:22][DEBUG] ALLOC: 22 bytes at 0x404b3434 (src\icon_management.c:515) [Current: 1428, Peak: 1950]
[17:33:22][DEBUG] ALLOC: 19 bytes at 0x404b346c (src\icon_management.c:532) [Current: 1447, Peak: 1950]
[17:33:22][DEBUG] ALLOC: 16 bytes at 0x404b349c (src\icon_types.c:221) [Current: 1463, Peak: 1950]
[17:33:22][DEBUG] FREE: 16 bytes at 0x404b349c (allocated src\icon_types.c:221, freed src\icon_types.c:259) [Current: 1447]
[17:33:22][DEBUG] ALLOC: 11 bytes at 0x404b349c (src\icon_types.c:276) [Current: 1458, Peak: 1950]
[17:33:22][DEBUG] FREE: 11 bytes at 0x404b349c (allocated src\icon_types.c:276, freed src\icon_types.c:347) [Current: 1447]
[17:33:22][DEBUG] ALLOC: 16 bytes at 0x404b349c (src\icon_management.c:515) [Current: 1463, Peak: 1950]
[17:33:22][DEBUG] ALLOC: 13 bytes at 0x404b34cc (src\icon_management.c:532) [Current: 1476, Peak: 1950]
[17:33:22][DEBUG] ALLOC: 28 bytes at 0x404b34fc (src\icon_types.c:221) [Current: 1504, Peak: 1950]
[17:33:22][DEBUG] FREE: 28 bytes at 0x404b34fc (allocated src\icon_types.c:221, freed src\icon_types.c:259) [Current: 1476]
[17:33:22][DEBUG] ALLOC: 23 bytes at 0x404b34fc (src\icon_types.c:276) [Current: 1499, Peak: 1950]
[17:33:22][DEBUG] FREE: 23 bytes at 0x404b34fc (allocated src\icon_types.c:276, freed src\icon_types.c:347) [Current: 1476]
[17:33:22][DEBUG] ALLOC: 28 bytes at 0x404b34fc (src\icon_management.c:515) [Current: 1504, Peak: 1950]
[17:33:22][DEBUG] ALLOC: 25 bytes at 0x404b3534 (src\icon_management.c:532) [Current: 1529, Peak: 1950]
[17:33:22][DEBUG] ALLOC: 19 bytes at 0x404b356c (src\icon_types.c:221) [Current: 1548, Peak: 1950]
[17:33:22][DEBUG] FREE: 19 bytes at 0x404b356c (allocated src\icon_types.c:221, freed src\icon_types.c:259) [Current: 1529]
[17:33:22][DEBUG] ALLOC: 14 bytes at 0x404b356c (src\icon_types.c:276) [Current: 1543, Peak: 1950]
[17:33:22][DEBUG] FREE: 14 bytes at 0x404b356c (allocated src\icon_types.c:276, freed src\icon_types.c:347) [Current: 1529]
[17:33:22][DEBUG] ALLOC: 19 bytes at 0x404b356c (src\icon_management.c:515) [Current: 1548, Peak: 1950]
[17:33:22][DEBUG] ALLOC: 16 bytes at 0x404b359c (src\icon_management.c:532) [Current: 1564, Peak: 1950]
[17:33:22][DEBUG] ALLOC: 19 bytes at 0x404b35cc (src\icon_types.c:221) [Current: 1583, Peak: 1950]
[17:33:22][DEBUG] FREE: 19 bytes at 0x404b35cc (allocated src\icon_types.c:221, freed src\icon_types.c:259) [Current: 1564]
[17:33:22][DEBUG] ALLOC: 14 bytes at 0x404b35cc (src\icon_types.c:276) [Current: 1578, Peak: 1950]
[17:33:22][DEBUG] FREE: 14 bytes at 0x404b35cc (allocated src\icon_types.c:276, freed src\icon_types.c:347) [Current: 1564]
[17:33:22][DEBUG] ALLOC: 19 bytes at 0x404b35cc (src\icon_management.c:515) [Current: 1583, Peak: 1950]
[17:33:22][DEBUG] ALLOC: 16 bytes at 0x404b35fc (src\icon_management.c:532) [Current: 1599, Peak: 1950]
[17:33:23][DEBUG] ALLOC: 22 bytes at 0x404b362c (src\icon_types.c:221) [Current: 1621, Peak: 1950]
[17:33:23][DEBUG] FREE: 22 bytes at 0x404b362c (allocated src\icon_types.c:221, freed src\icon_types.c:259) [Current: 1599]
[17:33:23][DEBUG] ALLOC: 17 bytes at 0x404b362c (src\icon_types.c:276) [Current: 1616, Peak: 1950]
[17:33:23][DEBUG] FREE: 17 bytes at 0x404b362c (allocated src\icon_types.c:276, freed src\icon_types.c:347) [Current: 1599]
[17:33:23][DEBUG] ALLOC: 22 bytes at 0x404b362c (src\icon_management.c:515) [Current: 1621, Peak: 1950]
[17:33:23][DEBUG] ALLOC: 19 bytes at 0x404b3664 (src\icon_management.c:532) [Current: 1640, Peak: 1950]
[17:33:23][DEBUG] ALLOC: 17 bytes at 0x404b3b44 (src\icon_types.c:221) [Current: 1657, Peak: 1950]
[17:33:23][DEBUG] FREE: 17 bytes at 0x404b3b44 (allocated src\icon_types.c:221, freed src\icon_types.c:259) [Current: 1640]
[17:33:23][DEBUG] ALLOC: 12 bytes at 0x404b3b44 (src\icon_types.c:276) [Current: 1652, Peak: 1950]
[17:33:23][DEBUG] FREE: 12 bytes at 0x404b3b44 (allocated src\icon_types.c:276, freed src\icon_types.c:347) [Current: 1640]
[17:33:23][DEBUG] ALLOC: 17 bytes at 0x404b3b44 (src\icon_management.c:515) [Current: 1657, Peak: 1950]
[17:33:23][DEBUG] ALLOC: 14 bytes at 0x404b3b74 (src\icon_management.c:532) [Current: 1671, Peak: 1950]
[17:33:23][DEBUG] ALLOC: 17 bytes at 0x404b3ba4 (src\icon_types.c:221) [Current: 1688, Peak: 1950]
[17:33:23][DEBUG] FREE: 17 bytes at 0x404b3ba4 (allocated src\icon_types.c:221, freed src\icon_types.c:259) [Current: 1671]
[17:33:23][DEBUG] ALLOC: 12 bytes at 0x404b3ba4 (src\icon_types.c:276) [Current: 1683, Peak: 1950]
[17:33:23][DEBUG] FREE: 12 bytes at 0x404b3ba4 (allocated src\icon_types.c:276, freed src\icon_types.c:347) [Current: 1671]
[17:33:23][DEBUG] ALLOC: 17 bytes at 0x404b3ba4 (src\icon_management.c:515) [Current: 1688, Peak: 1950]
[17:33:23][DEBUG] ALLOC: 14 bytes at 0x404b3bd4 (src\icon_management.c:532) [Current: 1702, Peak: 1950]
[17:33:23][DEBUG] ALLOC: 2176 bytes at 0x404b3c04 (src\icon_management.c:81) [Current: 3878, Peak: 3878]
[17:33:23][DEBUG] FREE: 1088 bytes at 0x404b36cc (allocated src\icon_management.c:81, freed src\icon_management.c:93) [Current: 2790]
[17:33:23][DEBUG] ALLOC: 14 bytes at 0x404b36cc (src\icon_types.c:221) [Current: 2804, Peak: 3878]
[17:33:23][DEBUG] FREE: 14 bytes at 0x404b36cc (allocated src\icon_types.c:221, freed src\icon_types.c:259) [Current: 2790]
[17:33:23][DEBUG] ALLOC: 9 bytes at 0x404b36cc (src\icon_types.c:276) [Current: 2799, Peak: 3878]
[17:33:23][DEBUG] FREE: 9 bytes at 0x404b36cc (allocated src\icon_types.c:276, freed src\icon_types.c:347) [Current: 2790]
[17:33:23][DEBUG] ALLOC: 14 bytes at 0x404b36cc (src\icon_management.c:515) [Current: 2804, Peak: 3878]
[17:33:23][DEBUG] ALLOC: 11 bytes at 0x404b36fc (src\icon_management.c:532) [Current: 2815, Peak: 3878]
[17:33:23][DEBUG] ALLOC: 15 bytes at 0x404b3724 (src\icon_types.c:221) [Current: 2830, Peak: 3878]
[17:33:23][DEBUG] FREE: 15 bytes at 0x404b3724 (allocated src\icon_types.c:221, freed src\icon_types.c:259) [Current: 2815]
[17:33:23][DEBUG] ALLOC: 10 bytes at 0x404b3724 (src\icon_types.c:276) [Current: 2825, Peak: 3878]
[17:33:23][DEBUG] FREE: 10 bytes at 0x404b3724 (allocated src\icon_types.c:276, freed src\icon_types.c:347) [Current: 2815]
[17:33:23][DEBUG] ALLOC: 15 bytes at 0x404b3724 (src\icon_management.c:515) [Current: 2830, Peak: 3878]
[17:33:23][DEBUG] ALLOC: 12 bytes at 0x404b3754 (src\icon_management.c:532) [Current: 2842, Peak: 3878]
[17:33:23][DEBUG] ALLOC: 17 bytes at 0x404b377c (src\icon_types.c:221) [Current: 2859, Peak: 3878]
[17:33:23][DEBUG] FREE: 17 bytes at 0x404b377c (allocated src\icon_types.c:221, freed src\icon_types.c:259) [Current: 2842]
[17:33:23][DEBUG] ALLOC: 12 bytes at 0x404b377c (src\icon_types.c:276) [Current: 2854, Peak: 3878]
[17:33:23][DEBUG] FREE: 12 bytes at 0x404b377c (allocated src\icon_types.c:276, freed src\icon_types.c:347) [Current: 2842]
[17:33:23][DEBUG] ALLOC: 17 bytes at 0x404b377c (src\icon_management.c:515) [Current: 2859, Peak: 3878]
[17:33:23][DEBUG] ALLOC: 14 bytes at 0x404b37ac (src\icon_management.c:532) [Current: 2873, Peak: 3878]
[17:33:23][DEBUG] ALLOC: 29 bytes at 0x404b37dc (src\icon_types.c:221) [Current: 2902, Peak: 3878]
[17:33:23][DEBUG] FREE: 29 bytes at 0x404b37dc (allocated src\icon_types.c:221, freed src\icon_types.c:259) [Current: 2873]
[17:33:23][DEBUG] ALLOC: 24 bytes at 0x404b37dc (src\icon_types.c:276) [Current: 2897, Peak: 3878]
[17:33:23][DEBUG] FREE: 24 bytes at 0x404b37dc (allocated src\icon_types.c:276, freed src\icon_types.c:347) [Current: 2873]
[17:33:23][DEBUG] ALLOC: 29 bytes at 0x404b37dc (src\icon_management.c:515) [Current: 2902, Peak: 3878]
[17:33:23][DEBUG] ALLOC: 26 bytes at 0x404b381c (src\icon_management.c:532) [Current: 2928, Peak: 3878]
[17:33:23][DEBUG] ALLOC: 27 bytes at 0x404b3854 (src\icon_types.c:221) [Current: 2955, Peak: 3878]
[17:33:23][DEBUG] FREE: 27 bytes at 0x404b3854 (allocated src\icon_types.c:221, freed src\icon_types.c:259) [Current: 2928]
[17:33:23][DEBUG] ALLOC: 22 bytes at 0x404b3854 (src\icon_types.c:276) [Current: 2950, Peak: 3878]
[17:33:23][DEBUG] FREE: 22 bytes at 0x404b3854 (allocated src\icon_types.c:276, freed src\icon_types.c:347) [Current: 2928]
[17:33:23][DEBUG] ALLOC: 27 bytes at 0x404b3854 (src\icon_management.c:515) [Current: 2955, Peak: 3878]
[17:33:23][DEBUG] ALLOC: 24 bytes at 0x404b388c (src\icon_management.c:532) [Current: 2979, Peak: 3878]
[17:33:23][DEBUG] ALLOC: 21 bytes at 0x404b38c4 (src\icon_types.c:221) [Current: 3000, Peak: 3878]
[17:33:23][DEBUG] FREE: 21 bytes at 0x404b38c4 (allocated src\icon_types.c:221, freed src\icon_types.c:259) [Current: 2979]
[17:33:23][DEBUG] ALLOC: 16 bytes at 0x404b38c4 (src\icon_types.c:276) [Current: 2995, Peak: 3878]
[17:33:23][DEBUG] FREE: 16 bytes at 0x404b38c4 (allocated src\icon_types.c:276, freed src\icon_types.c:347) [Current: 2979]
[17:33:23][DEBUG] ALLOC: 21 bytes at 0x404b38c4 (src\icon_management.c:515) [Current: 3000, Peak: 3878]
[17:33:23][DEBUG] ALLOC: 18 bytes at 0x404b38fc (src\icon_management.c:532) [Current: 3018, Peak: 3878]
[17:33:23][DEBUG] ALLOC: 26 bytes at 0x404b392c (src\icon_types.c:221) [Current: 3044, Peak: 3878]
[17:33:23][DEBUG] FREE: 26 bytes at 0x404b392c (allocated src\icon_types.c:221, freed src\icon_types.c:259) [Current: 3018]
[17:33:23][DEBUG] ALLOC: 21 bytes at 0x404b392c (src\icon_types.c:276) [Current: 3039, Peak: 3878]
[17:33:23][DEBUG] FREE: 21 bytes at 0x404b392c (allocated src\icon_types.c:276, freed src\icon_types.c:347) [Current: 3018]
[17:33:23][DEBUG] ALLOC: 26 bytes at 0x404b392c (src\icon_management.c:515) [Current: 3044, Peak: 3878]
[17:33:23][DEBUG] ALLOC: 23 bytes at 0x404b3964 (src\icon_management.c:532) [Current: 3067, Peak: 3878]
[17:33:23][DEBUG] ALLOC: 22 bytes at 0x404b399c (src\icon_types.c:221) [Current: 3089, Peak: 3878]
[17:33:23][DEBUG] FREE: 22 bytes at 0x404b399c (allocated src\icon_types.c:221, freed src\icon_types.c:259) [Current: 3067]
[17:33:23][DEBUG] ALLOC: 17 bytes at 0x404b399c (src\icon_types.c:276) [Current: 3084, Peak: 3878]
[17:33:23][DEBUG] FREE: 17 bytes at 0x404b399c (allocated src\icon_types.c:276, freed src\icon_types.c:347) [Current: 3067]
[17:33:23][DEBUG] ALLOC: 22 bytes at 0x404b399c (src\icon_management.c:515) [Current: 3089, Peak: 3878]
[17:33:23][DEBUG] ALLOC: 19 bytes at 0x404b39d4 (src\icon_management.c:532) [Current: 3108, Peak: 3878]
[17:33:23][DEBUG] ALLOC: 24 bytes at 0x404b3a04 (src\icon_types.c:221) [Current: 3132, Peak: 3878]
[17:33:23][DEBUG] FREE: 24 bytes at 0x404b3a04 (allocated src\icon_types.c:221, freed src\icon_types.c:259) [Current: 3108]
[17:33:23][DEBUG] ALLOC: 19 bytes at 0x404b3a04 (src\icon_types.c:276) [Current: 3127, Peak: 3878]
[17:33:23][DEBUG] FREE: 19 bytes at 0x404b3a04 (allocated src\icon_types.c:276, freed src\icon_types.c:347) [Current: 3108]
[17:33:23][DEBUG] ALLOC: 24 bytes at 0x404b3a04 (src\icon_management.c:515) [Current: 3132, Peak: 3878]
[17:33:23][DEBUG] ALLOC: 21 bytes at 0x404b3a3c (src\icon_management.c:532) [Current: 3153, Peak: 3878]
[17:33:23][DEBUG] ALLOC: 25 bytes at 0x404b3a74 (src\icon_types.c:221) [Current: 3178, Peak: 3878]
[17:33:23][DEBUG] FREE: 25 bytes at 0x404b3a74 (allocated src\icon_types.c:221, freed src\icon_types.c:259) [Current: 3153]
[17:33:23][DEBUG] ALLOC: 20 bytes at 0x404b3a74 (src\icon_types.c:276) [Current: 3173, Peak: 3878]
[17:33:23][DEBUG] FREE: 20 bytes at 0x404b3a74 (allocated src\icon_types.c:276, freed src\icon_types.c:347) [Current: 3153]
[17:33:23][DEBUG] ALLOC: 25 bytes at 0x404b3a74 (src\icon_management.c:515) [Current: 3178, Peak: 3878]
[17:33:23][DEBUG] ALLOC: 22 bytes at 0x404b3aac (src\icon_management.c:532) [Current: 3200, Peak: 3878]
[17:33:23][DEBUG] FREE: 22 bytes at 0x404b3aac (allocated src\icon_management.c:532, freed src\icon_management.c:41) [Current: 3178]
[17:33:23][DEBUG] FREE: 25 bytes at 0x404b3a74 (allocated src\icon_management.c:515, freed src\icon_management.c:45) [Current: 3153]
[17:33:23][DEBUG] FREE: 21 bytes at 0x404b3a3c (allocated src\icon_management.c:532, freed src\icon_management.c:41) [Current: 3132]
[17:33:23][DEBUG] FREE: 24 bytes at 0x404b3a04 (allocated src\icon_management.c:515, freed src\icon_management.c:45) [Current: 3108]
[17:33:23][DEBUG] FREE: 19 bytes at 0x404b39d4 (allocated src\icon_management.c:532, freed src\icon_management.c:41) [Current: 3089]
[17:33:23][DEBUG] FREE: 22 bytes at 0x404b399c (allocated src\icon_management.c:515, freed src\icon_management.c:45) [Current: 3067]
[17:33:23][DEBUG] FREE: 18 bytes at 0x404b38fc (allocated src\icon_management.c:532, freed src\icon_management.c:41) [Current: 3049]
[17:33:23][DEBUG] FREE: 21 bytes at 0x404b38c4 (allocated src\icon_management.c:515, freed src\icon_management.c:45) [Current: 3028]
[17:33:23][DEBUG] FREE: 14 bytes at 0x404b37ac (allocated src\icon_management.c:532, freed src\icon_management.c:41) [Current: 3014]
[17:33:23][DEBUG] FREE: 17 bytes at 0x404b377c (allocated src\icon_management.c:515, freed src\icon_management.c:45) [Current: 2997]
[17:33:23][DEBUG] FREE: 12 bytes at 0x404b3754 (allocated src\icon_management.c:532, freed src\icon_management.c:41) [Current: 2985]
[17:33:23][DEBUG] FREE: 15 bytes at 0x404b3724 (allocated src\icon_management.c:515, freed src\icon_management.c:45) [Current: 2970]
[17:33:23][DEBUG] FREE: 11 bytes at 0x404b36fc (allocated src\icon_management.c:532, freed src\icon_management.c:41) [Current: 2959]
[17:33:23][DEBUG] FREE: 14 bytes at 0x404b36cc (allocated src\icon_management.c:515, freed src\icon_management.c:45) [Current: 2945]
[17:33:23][DEBUG] FREE: 14 bytes at 0x404b3b74 (allocated src\icon_management.c:532, freed src\icon_management.c:41) [Current: 2931]
[17:33:23][DEBUG] FREE: 17 bytes at 0x404b3b44 (allocated src\icon_management.c:515, freed src\icon_management.c:45) [Current: 2914]
[17:33:23][DEBUG] FREE: 19 bytes at 0x404b3664 (allocated src\icon_management.c:532, freed src\icon_management.c:41) [Current: 2895]
[17:33:23][DEBUG] FREE: 22 bytes at 0x404b362c (allocated src\icon_management.c:515, freed src\icon_management.c:45) [Current: 2873]
[17:33:23][DEBUG] FREE: 13 bytes at 0x404b34cc (allocated src\icon_management.c:532, freed src\icon_management.c:41) [Current: 2860]
[17:33:23][DEBUG] FREE: 16 bytes at 0x404b349c (allocated src\icon_management.c:515, freed src\icon_management.c:45) [Current: 2844]
[17:33:23][DEBUG] FREE: 17 bytes at 0x404b369c (allocated src\icon_management.c:532, freed src\icon_management.c:41) [Current: 2827]
[17:33:23][DEBUG] FREE: 20 bytes at 0x404b341c (allocated src\icon_management.c:515, freed src\icon_management.c:45) [Current: 2807]
[17:33:23][DEBUG] FREE: 8 bytes at 0x404b33f4 (allocated src\icon_management.c:532, freed src\icon_management.c:41) [Current: 2799]
[17:33:23][DEBUG] FREE: 11 bytes at 0x404b33cc (allocated src\icon_management.c:515, freed src\icon_management.c:45) [Current: 2788]
[17:33:23][DEBUG] FREE: 9 bytes at 0x404b33a4 (allocated src\icon_management.c:532, freed src\icon_management.c:41) [Current: 2779]
[17:33:23][DEBUG] FREE: 12 bytes at 0x404b337c (allocated src\icon_management.c:515, freed src\icon_management.c:45) [Current: 2767]
[17:33:23][DEBUG] FREE: 11 bytes at 0x404b32e4 (allocated src\icon_management.c:532, freed src\icon_management.c:41) [Current: 2756]
[17:33:23][DEBUG] FREE: 14 bytes at 0x404b32b4 (allocated src\icon_management.c:515, freed src\icon_management.c:45) [Current: 2742]
[17:33:23][DEBUG] FREE: 11 bytes at 0x404b3084 (allocated src\icon_management.c:532, freed src\icon_management.c:41) [Current: 2731]
[17:33:23][DEBUG] FREE: 14 bytes at 0x404b326c (allocated src\icon_management.c:515, freed src\icon_management.c:45) [Current: 2717]
[17:33:23][DEBUG] FREE: 15 bytes at 0x404b323c (allocated src\icon_management.c:532, freed src\icon_management.c:41) [Current: 2702]
[17:33:23][DEBUG] FREE: 18 bytes at 0x404b320c (allocated src\icon_management.c:515, freed src\icon_management.c:45) [Current: 2684]
[17:33:23][DEBUG] FREE: 23 bytes at 0x404b3964 (allocated src\icon_management.c:532, freed src\icon_management.c:41) [Current: 2661]
[17:33:23][DEBUG] FREE: 26 bytes at 0x404b392c (allocated src\icon_management.c:515, freed src\icon_management.c:45) [Current: 2635]
[17:33:23][DEBUG] FREE: 24 bytes at 0x404b388c (allocated src\icon_management.c:532, freed src\icon_management.c:41) [Current: 2611]
[17:33:23][DEBUG] FREE: 27 bytes at 0x404b3854 (allocated src\icon_management.c:515, freed src\icon_management.c:45) [Current: 2584]
[17:33:23][DEBUG] FREE: 26 bytes at 0x404b381c (allocated src\icon_management.c:532, freed src\icon_management.c:41) [Current: 2558]
[17:33:23][DEBUG] FREE: 29 bytes at 0x404b37dc (allocated src\icon_management.c:515, freed src\icon_management.c:45) [Current: 2529]
[17:33:23][DEBUG] FREE: 14 bytes at 0x404b3bd4 (allocated src\icon_management.c:532, freed src\icon_management.c:41) [Current: 2515]
[17:33:23][DEBUG] FREE: 17 bytes at 0x404b3ba4 (allocated src\icon_management.c:515, freed src\icon_management.c:45) [Current: 2498]
[17:33:23][DEBUG] FREE: 16 bytes at 0x404b35fc (allocated src\icon_management.c:532, freed src\icon_management.c:41) [Current: 2482]
[17:33:23][DEBUG] FREE: 19 bytes at 0x404b35cc (allocated src\icon_management.c:515, freed src\icon_management.c:45) [Current: 2463]
[17:33:23][DEBUG] FREE: 16 bytes at 0x404b359c (allocated src\icon_management.c:532, freed src\icon_management.c:41) [Current: 2447]
[17:33:23][DEBUG] FREE: 19 bytes at 0x404b356c (allocated src\icon_management.c:515, freed src\icon_management.c:45) [Current: 2428]
[17:33:23][DEBUG] FREE: 25 bytes at 0x404b3534 (allocated src\icon_management.c:532, freed src\icon_management.c:41) [Current: 2403]
[17:33:23][DEBUG] FREE: 28 bytes at 0x404b34fc (allocated src\icon_management.c:515, freed src\icon_management.c:45) [Current: 2375]
[17:33:23][DEBUG] FREE: 19 bytes at 0x404b346c (allocated src\icon_management.c:532, freed src\icon_management.c:41) [Current: 2356]
[17:33:23][DEBUG] FREE: 22 bytes at 0x404b3434 (allocated src\icon_management.c:515, freed src\icon_management.c:45) [Current: 2334]
[17:33:23][DEBUG] FREE: 25 bytes at 0x404b3344 (allocated src\icon_management.c:532, freed src\icon_management.c:41) [Current: 2309]
[17:33:23][DEBUG] FREE: 28 bytes at 0x404b330c (allocated src\icon_management.c:515, freed src\icon_management.c:45) [Current: 2281]
[17:33:23][DEBUG] FREE: 15 bytes at 0x404b31dc (allocated src\icon_management.c:532, freed src\icon_management.c:41) [Current: 2266]
[17:33:23][DEBUG] FREE: 18 bytes at 0x404b31ac (allocated src\icon_management.c:515, freed src\icon_management.c:45) [Current: 2248]
[17:33:23][DEBUG] FREE: 22 bytes at 0x404b3174 (allocated src\icon_management.c:532, freed src\icon_management.c:41) [Current: 2226]
[17:33:23][DEBUG] FREE: 25 bytes at 0x404b313c (allocated src\icon_management.c:515, freed src\icon_management.c:45) [Current: 2201]
[17:33:23][DEBUG] FREE: 2176 bytes at 0x404b3c04 (allocated src\icon_management.c:81, freed src\icon_management.c:48) [Current: 25]
[17:33:23][DEBUG] FREE: 18 bytes at 0x404b310c (allocated src\icon_management.c:56, freed src\icon_management.c:50) [Current: 7]
[17:37:48][INFO] 
========== MEMORY TRACKING REPORT ==========
[17:37:48][INFO] Total allocations: 116 (6253 bytes)
[17:37:48][INFO] Total frees: 115 (6246 bytes)
[17:37:48][INFO] Peak memory usage: 3878 bytes (3 KB)
[17:37:48][INFO] Current memory: 7 bytes
[17:37:48][ERROR] 
*** MEMORY LEAKS DETECTED: 1 blocks, 7 bytes ***
[17:37:48][ERROR] 
Leak details:
[17:37:48][ERROR]   - 7 bytes at 0x404b3084 (allocated at src\utilities.c:193)
[17:37:48][ERROR] 
*** CHECK error.log FOR COMPLETE LEAK REPORT ***
[17:37:48][INFO] ============================================

